<?xml version="1.0" encoding="utf-8"?>
<CoverageSession>
  <Summary numSequencePoints="963" visitedSequencePoints="787" numBranchPoints="118" visitedBranchPoints="79" sequenceCoverage="81.72" branchCoverage="66.94" maxCyclomaticComplexity="267" minCyclomaticComplexity="267" visitedClasses="58" numClasses="68" visitedMethods="141" numMethods="169" />
  <Modules>
    <Module hash="568BDB71-22F7-4291-8835-DD02F1418E79">
      <ModulePath>EventBooking.dll</ModulePath>
      <ModuleTime>2021-06-03T10:27:11</ModuleTime>
      <ModuleName>EventBooking</ModuleName>
      <Files>
        <File uid="1" fullPath="C:\Users\Temp\source\repos\EventBooking\EventBooking\Program.cs" />
        <File uid="2" fullPath="C:\Users\Temp\source\repos\EventBooking\EventBooking\Startup.cs" />
        <File uid="3" fullPath="C:\Users\Temp\source\repos\EventBooking\EventBooking\Repository\EventBookingRepository.cs" />
        <File uid="4" fullPath="C:\Users\Temp\source\repos\EventBooking\EventBooking\Service\EventBookingService.cs" />
        <File uid="5" fullPath="C:\Users\Temp\source\repos\EventBooking\EventBooking\Service\LoggerService.cs" />
        <File uid="6" fullPath="C:\Users\Temp\source\repos\EventBooking\EventBooking\Models\EventInfo.cs" />
        <File uid="7" fullPath="C:\Users\Temp\source\repos\EventBooking\EventBooking\Models\TicketBookingContext.cs" />
        <File uid="8" fullPath="C:\Users\Temp\source\repos\EventBooking\EventBooking\Modal\AddEvent.cs" />
        <File uid="9" fullPath="C:\Users\Temp\source\repos\EventBooking\EventBooking\Modal\Authentication.cs" />
        <File uid="10" fullPath="C:\Users\Temp\source\repos\EventBooking\EventBooking\Modal\Booking.cs" />
        <File uid="11" fullPath="C:\Users\Temp\source\repos\EventBooking\EventBooking\Modal\BookingCancel.cs" />
        <File uid="12" fullPath="C:\Users\Temp\source\repos\EventBooking\EventBooking\Modal\Bookingstatus.cs" />
        <File uid="13" fullPath="C:\Users\Temp\source\repos\EventBooking\EventBooking\Modal\forgetPassword.cs" />
        <File uid="14" fullPath="C:\Users\Temp\source\repos\EventBooking\EventBooking\Modal\Login.cs" />
        <File uid="15" fullPath="C:\Users\Temp\source\repos\EventBooking\EventBooking\Modal\PartnershipApproval.cs" />
        <File uid="16" fullPath="C:\Users\Temp\source\repos\EventBooking\EventBooking\Modal\PendingApproval.cs" />
        <File uid="17" fullPath="C:\Users\Temp\source\repos\EventBooking\EventBooking\Modal\Submitforpartnership.cs" />
        <File uid="18" fullPath="C:\Users\Temp\source\repos\EventBooking\EventBooking\Data\AuthenticationContext.cs" />
        <File uid="19" fullPath="C:\Users\Temp\source\repos\EventBooking\EventBooking\DataBase\DBLayer.cs" />
        <File uid="20" fullPath="C:\Users\Temp\source\repos\EventBooking\EventBooking\Controllers\EventBookingController.cs" />
      </Files>
      <Classes>
        <Class>
          <Summary numSequencePoints="15" visitedSequencePoints="0" numBranchPoints="0" visitedBranchPoints="0" sequenceCoverage="0" branchCoverage="100" maxCyclomaticComplexity="1" minCyclomaticComplexity="1" visitedClasses="0" numClasses="1" visitedMethods="0" numMethods="2" />
          <FullName>EventBooking.Program</FullName>
          <Methods>
            <Method cyclomaticComplexity="1" nPathComplexity="0" sequenceCoverage="0" branchCoverage="100" isConstructor="False" isGetter="False" isSetter="False" isStatic="True">
              <Summary numSequencePoints="3" visitedSequencePoints="0" numBranchPoints="0" visitedBranchPoints="0" sequenceCoverage="0" branchCoverage="100" maxCyclomaticComplexity="1" minCyclomaticComplexity="1" visitedClasses="0" numClasses="0" visitedMethods="0" numMethods="1" />
              <MetadataToken />
              <Name>System.Void EventBooking.Program::Main(System.String[])</Name>
              <FileRef uid="1" />
              <SequencePoints>
                <SequencePoint vc="0" uspid="18" ordinal="0" sl="18" sc="1" el="18" ec="2" bec="0" bev="0" fileid="1" />
                <SequencePoint vc="0" uspid="19" ordinal="1" sl="19" sc="1" el="19" ec="2" bec="0" bev="0" fileid="1" />
                <SequencePoint vc="0" uspid="30" ordinal="2" sl="30" sc="1" el="30" ec="2" bec="0" bev="0" fileid="1" />
              </SequencePoints>
              <BranchPoints />
              <MethodPoint vc="0" uspid="0" p8:type="SequencePoint" ordinal="0" offset="0" sc="0" sl="18" ec="1" el="30" bec="0" bev="0" fileid="1" xmlns:p8="xsi" />
            </Method>
            <Method cyclomaticComplexity="1" nPathComplexity="0" sequenceCoverage="0" branchCoverage="100" isConstructor="False" isGetter="False" isSetter="False" isStatic="True">
              <Summary numSequencePoints="12" visitedSequencePoints="0" numBranchPoints="0" visitedBranchPoints="0" sequenceCoverage="0" branchCoverage="100" maxCyclomaticComplexity="1" minCyclomaticComplexity="1" visitedClasses="0" numClasses="0" visitedMethods="0" numMethods="1" />
              <MetadataToken />
              <Name>Microsoft.Extensions.Hosting.IHostBuilder EventBooking.Program::CreateHostBuilder(System.String[])</Name>
              <FileRef uid="1" />
              <SequencePoints>
                <SequencePoint vc="0" uspid="33" ordinal="0" sl="33" sc="1" el="33" ec="2" bec="0" bev="0" fileid="1" />
                <SequencePoint vc="0" uspid="34" ordinal="1" sl="34" sc="1" el="34" ec="2" bec="0" bev="0" fileid="1" />
                <SequencePoint vc="0" uspid="35" ordinal="2" sl="35" sc="1" el="35" ec="2" bec="0" bev="0" fileid="1" />
                <SequencePoint vc="0" uspid="36" ordinal="3" sl="36" sc="1" el="36" ec="2" bec="0" bev="0" fileid="1" />
                <SequencePoint vc="0" uspid="37" ordinal="4" sl="37" sc="1" el="37" ec="2" bec="0" bev="0" fileid="1" />
                <SequencePoint vc="0" uspid="38" ordinal="5" sl="38" sc="1" el="38" ec="2" bec="0" bev="0" fileid="1" />
                <SequencePoint vc="0" uspid="39" ordinal="6" sl="39" sc="1" el="39" ec="2" bec="0" bev="0" fileid="1" />
                <SequencePoint vc="0" uspid="40" ordinal="7" sl="40" sc="1" el="40" ec="2" bec="0" bev="0" fileid="1" />
                <SequencePoint vc="0" uspid="41" ordinal="8" sl="41" sc="1" el="41" ec="2" bec="0" bev="0" fileid="1" />
                <SequencePoint vc="0" uspid="42" ordinal="9" sl="42" sc="1" el="42" ec="2" bec="0" bev="0" fileid="1" />
                <SequencePoint vc="0" uspid="43" ordinal="10" sl="43" sc="1" el="43" ec="2" bec="0" bev="0" fileid="1" />
                <SequencePoint vc="0" uspid="44" ordinal="11" sl="44" sc="1" el="44" ec="2" bec="0" bev="0" fileid="1" />
              </SequencePoints>
              <BranchPoints />
              <MethodPoint vc="0" uspid="0" p8:type="SequencePoint" ordinal="1" offset="1" sc="0" sl="33" ec="1" el="44" bec="0" bev="0" fileid="1" xmlns:p8="xsi" />
            </Method>
          </Methods>
        </Class>
        <Class>
          <Summary numSequencePoints="47" visitedSequencePoints="0" numBranchPoints="2" visitedBranchPoints="0" sequenceCoverage="0" branchCoverage="0" maxCyclomaticComplexity="2" minCyclomaticComplexity="1" visitedClasses="0" numClasses="1" visitedMethods="0" numMethods="4" />
          <FullName>EventBooking.Startup</FullName>
          <Methods>
            <Method cyclomaticComplexity="1" nPathComplexity="0" sequenceCoverage="0" branchCoverage="100" isConstructor="False" isGetter="True" isSetter="False" isStatic="True">
              <Summary numSequencePoints="1" visitedSequencePoints="0" numBranchPoints="0" visitedBranchPoints="0" sequenceCoverage="0" branchCoverage="100" maxCyclomaticComplexity="1" minCyclomaticComplexity="1" visitedClasses="0" numClasses="0" visitedMethods="0" numMethods="1" />
              <MetadataToken />
              <Name>Microsoft.Extensions.Configuration.IConfiguration EventBooking.Startup::get_Configuration()</Name>
              <FileRef uid="2" />
              <SequencePoints>
                <SequencePoint vc="0" uspid="29" ordinal="0" sl="29" sc="1" el="29" ec="2" bec="0" bev="0" fileid="2" />
              </SequencePoints>
              <BranchPoints />
              <MethodPoint vc="0" uspid="0" p8:type="SequencePoint" ordinal="0" offset="0" sc="0" sl="29" ec="1" el="29" bec="0" bev="0" fileid="2" xmlns:p8="xsi" />
            </Method>
            <Method cyclomaticComplexity="1" nPathComplexity="0" sequenceCoverage="0" branchCoverage="100" isConstructor="False" isGetter="False" isSetter="False" isStatic="True">
              <Summary numSequencePoints="23" visitedSequencePoints="0" numBranchPoints="0" visitedBranchPoints="0" sequenceCoverage="0" branchCoverage="100" maxCyclomaticComplexity="1" minCyclomaticComplexity="1" visitedClasses="0" numClasses="0" visitedMethods="0" numMethods="1" />
              <MetadataToken />
              <Name>System.Void EventBooking.Startup::ConfigureServices(Microsoft.Extensions.DependencyInjection.IServiceCollection)</Name>
              <FileRef uid="2" />
              <SequencePoints>
                <SequencePoint vc="0" uspid="33" ordinal="0" sl="33" sc="1" el="33" ec="2" bec="0" bev="0" fileid="2" />
                <SequencePoint vc="0" uspid="35" ordinal="1" sl="35" sc="1" el="35" ec="2" bec="0" bev="0" fileid="2" />
                <SequencePoint vc="0" uspid="37" ordinal="2" sl="37" sc="1" el="37" ec="2" bec="0" bev="0" fileid="2" />
                <SequencePoint vc="0" uspid="38" ordinal="3" sl="38" sc="1" el="38" ec="2" bec="0" bev="0" fileid="2" />
                <SequencePoint vc="0" uspid="39" ordinal="4" sl="39" sc="1" el="39" ec="2" bec="0" bev="0" fileid="2" />
                <SequencePoint vc="0" uspid="40" ordinal="5" sl="40" sc="1" el="40" ec="2" bec="0" bev="0" fileid="2" />
                <SequencePoint vc="0" uspid="42" ordinal="6" sl="42" sc="1" el="42" ec="2" bec="0" bev="0" fileid="2" />
                <SequencePoint vc="0" uspid="43" ordinal="7" sl="43" sc="1" el="43" ec="2" bec="0" bev="0" fileid="2" />
                <SequencePoint vc="0" uspid="44" ordinal="8" sl="44" sc="1" el="44" ec="2" bec="0" bev="0" fileid="2" />
                <SequencePoint vc="0" uspid="45" ordinal="9" sl="45" sc="1" el="45" ec="2" bec="0" bev="0" fileid="2" />
                <SequencePoint vc="0" uspid="46" ordinal="10" sl="46" sc="1" el="46" ec="2" bec="0" bev="0" fileid="2" />
                <SequencePoint vc="0" uspid="47" ordinal="11" sl="47" sc="1" el="47" ec="2" bec="0" bev="0" fileid="2" />
                <SequencePoint vc="0" uspid="48" ordinal="12" sl="48" sc="1" el="48" ec="2" bec="0" bev="0" fileid="2" />
                <SequencePoint vc="0" uspid="49" ordinal="13" sl="49" sc="1" el="49" ec="2" bec="0" bev="0" fileid="2" />
                <SequencePoint vc="0" uspid="50" ordinal="14" sl="50" sc="1" el="50" ec="2" bec="0" bev="0" fileid="2" />
                <SequencePoint vc="0" uspid="52" ordinal="15" sl="52" sc="1" el="52" ec="2" bec="0" bev="0" fileid="2" />
                <SequencePoint vc="0" uspid="53" ordinal="16" sl="53" sc="1" el="53" ec="2" bec="0" bev="0" fileid="2" />
                <SequencePoint vc="0" uspid="54" ordinal="17" sl="54" sc="1" el="54" ec="2" bec="0" bev="0" fileid="2" />
                <SequencePoint vc="0" uspid="56" ordinal="18" sl="56" sc="1" el="56" ec="2" bec="0" bev="0" fileid="2" />
                <SequencePoint vc="0" uspid="57" ordinal="19" sl="57" sc="1" el="57" ec="2" bec="0" bev="0" fileid="2" />
                <SequencePoint vc="0" uspid="58" ordinal="20" sl="58" sc="1" el="58" ec="2" bec="0" bev="0" fileid="2" />
                <SequencePoint vc="0" uspid="60" ordinal="21" sl="60" sc="1" el="60" ec="2" bec="0" bev="0" fileid="2" />
                <SequencePoint vc="0" uspid="61" ordinal="22" sl="61" sc="1" el="61" ec="2" bec="0" bev="0" fileid="2" />
              </SequencePoints>
              <BranchPoints />
              <MethodPoint vc="0" uspid="0" p8:type="SequencePoint" ordinal="1" offset="1" sc="0" sl="33" ec="1" el="61" bec="0" bev="0" fileid="2" xmlns:p8="xsi" />
            </Method>
            <Method cyclomaticComplexity="2" nPathComplexity="0" sequenceCoverage="0" branchCoverage="0" isConstructor="False" isGetter="False" isSetter="False" isStatic="True">
              <Summary numSequencePoints="19" visitedSequencePoints="0" numBranchPoints="2" visitedBranchPoints="0" sequenceCoverage="0" branchCoverage="0" maxCyclomaticComplexity="2" minCyclomaticComplexity="2" visitedClasses="0" numClasses="0" visitedMethods="0" numMethods="1" />
              <MetadataToken />
              <Name>System.Void EventBooking.Startup::Configure(Microsoft.AspNetCore.Builder.IApplicationBuilder,Microsoft.AspNetCore.Hosting.IWebHostEnvironment)</Name>
              <FileRef uid="2" />
              <SequencePoints>
                <SequencePoint vc="0" uspid="65" ordinal="0" sl="65" sc="1" el="65" ec="2" bec="0" bev="0" fileid="2" />
                <SequencePoint vc="0" uspid="66" ordinal="1" sl="66" sc="1" el="66" ec="2" bec="2" bev="0" fileid="2" />
                <SequencePoint vc="0" uspid="67" ordinal="2" sl="67" sc="1" el="67" ec="2" bec="0" bev="0" fileid="2" />
                <SequencePoint vc="0" uspid="68" ordinal="3" sl="68" sc="1" el="68" ec="2" bec="0" bev="0" fileid="2" />
                <SequencePoint vc="0" uspid="69" ordinal="4" sl="69" sc="1" el="69" ec="2" bec="0" bev="0" fileid="2" />
                <SequencePoint vc="0" uspid="71" ordinal="5" sl="71" sc="1" el="71" ec="2" bec="0" bev="0" fileid="2" />
                <SequencePoint vc="0" uspid="77" ordinal="6" sl="77" sc="1" el="77" ec="2" bec="0" bev="0" fileid="2" />
                <SequencePoint vc="0" uspid="78" ordinal="7" sl="78" sc="1" el="78" ec="2" bec="0" bev="0" fileid="2" />
                <SequencePoint vc="0" uspid="79" ordinal="8" sl="79" sc="1" el="79" ec="2" bec="0" bev="0" fileid="2" />
                <SequencePoint vc="0" uspid="80" ordinal="9" sl="80" sc="1" el="80" ec="2" bec="0" bev="0" fileid="2" />
                <SequencePoint vc="0" uspid="82" ordinal="10" sl="82" sc="1" el="82" ec="2" bec="0" bev="0" fileid="2" />
                <SequencePoint vc="0" uspid="84" ordinal="11" sl="84" sc="1" el="84" ec="2" bec="0" bev="0" fileid="2" />
                <SequencePoint vc="0" uspid="85" ordinal="12" sl="85" sc="1" el="85" ec="2" bec="0" bev="0" fileid="2" />
                <SequencePoint vc="0" uspid="86" ordinal="13" sl="86" sc="1" el="86" ec="2" bec="0" bev="0" fileid="2" />
                <SequencePoint vc="0" uspid="88" ordinal="14" sl="88" sc="1" el="88" ec="2" bec="0" bev="0" fileid="2" />
                <SequencePoint vc="0" uspid="89" ordinal="15" sl="89" sc="1" el="89" ec="2" bec="0" bev="0" fileid="2" />
                <SequencePoint vc="0" uspid="90" ordinal="16" sl="90" sc="1" el="90" ec="2" bec="0" bev="0" fileid="2" />
                <SequencePoint vc="0" uspid="91" ordinal="17" sl="91" sc="1" el="91" ec="2" bec="0" bev="0" fileid="2" />
                <SequencePoint vc="0" uspid="92" ordinal="18" sl="92" sc="1" el="92" ec="2" bec="0" bev="0" fileid="2" />
              </SequencePoints>
              <BranchPoints>
                <BranchPoint vc="0" uspid="66" ordinal="0" path="0" offset="9" offsetend="11" sl="66" fileid="2" />
                <BranchPoint vc="0" uspid="66" ordinal="1" path="1" offset="9" offsetend="20" sl="66" fileid="2" />
              </BranchPoints>
              <MethodPoint vc="0" uspid="0" p8:type="SequencePoint" ordinal="2" offset="2" sc="0" sl="65" ec="1" el="92" bec="0" bev="0" fileid="2" xmlns:p8="xsi" />
            </Method>
            <Method cyclomaticComplexity="1" nPathComplexity="0" sequenceCoverage="0" branchCoverage="100" isConstructor="True" isGetter="False" isSetter="False" isStatic="True">
              <Summary numSequencePoints="4" visitedSequencePoints="0" numBranchPoints="0" visitedBranchPoints="0" sequenceCoverage="0" branchCoverage="100" maxCyclomaticComplexity="1" minCyclomaticComplexity="1" visitedClasses="0" numClasses="0" visitedMethods="0" numMethods="1" />
              <MetadataToken />
              <Name>System.Void EventBooking.Startup::.ctor(Microsoft.Extensions.Configuration.IConfiguration)</Name>
              <FileRef uid="2" />
              <SequencePoints>
                <SequencePoint vc="0" uspid="23" ordinal="0" sl="23" sc="1" el="23" ec="2" bec="0" bev="0" fileid="2" />
                <SequencePoint vc="0" uspid="24" ordinal="1" sl="24" sc="1" el="24" ec="2" bec="0" bev="0" fileid="2" />
                <SequencePoint vc="0" uspid="25" ordinal="2" sl="25" sc="1" el="25" ec="2" bec="0" bev="0" fileid="2" />
                <SequencePoint vc="0" uspid="27" ordinal="3" sl="27" sc="1" el="27" ec="2" bec="0" bev="0" fileid="2" />
              </SequencePoints>
              <BranchPoints />
              <MethodPoint vc="0" uspid="0" p8:type="SequencePoint" ordinal="3" offset="3" sc="0" sl="23" ec="1" el="27" bec="0" bev="0" fileid="2" xmlns:p8="xsi" />
            </Method>
          </Methods>
        </Class>
        <Class>
          <Summary numSequencePoints="4" visitedSequencePoints="4" numBranchPoints="2" visitedBranchPoints="1" sequenceCoverage="100" branchCoverage="50" maxCyclomaticComplexity="2" minCyclomaticComplexity="2" visitedClasses="1" numClasses="1" visitedMethods="1" numMethods="1" />
          <FullName>EventBooking.Service.EventBookingRepository</FullName>
          <Methods>
            <Method cyclomaticComplexity="2" nPathComplexity="0" sequenceCoverage="100" branchCoverage="50" isConstructor="True" isGetter="False" isSetter="False" isStatic="True">
              <Summary numSequencePoints="4" visitedSequencePoints="4" numBranchPoints="2" visitedBranchPoints="1" sequenceCoverage="100" branchCoverage="50" maxCyclomaticComplexity="2" minCyclomaticComplexity="2" visitedClasses="0" numClasses="0" visitedMethods="1" numMethods="1" />
              <MetadataToken />
              <Name>System.Void EventBooking.Service.EventBookingRepository::.ctor(EventBooking.DataBase.IDBLayer)</Name>
              <FileRef uid="3" />
              <SequencePoints>
                <SequencePoint vc="10" uspid="21" ordinal="0" sl="21" sc="1" el="21" ec="2" bec="0" bev="0" fileid="3" />
                <SequencePoint vc="10" uspid="22" ordinal="1" sl="22" sc="1" el="22" ec="2" bec="0" bev="0" fileid="3" />
                <SequencePoint vc="10" uspid="23" ordinal="2" sl="23" sc="1" el="23" ec="2" bec="2" bev="1" fileid="3" />
                <SequencePoint vc="10" uspid="24" ordinal="3" sl="24" sc="1" el="24" ec="2" bec="0" bev="0" fileid="3" />
              </SequencePoints>
              <BranchPoints>
                <BranchPoint vc="0" uspid="23" ordinal="0" path="0" offset="11" offsetend="13" sl="23" fileid="3" />
                <BranchPoint vc="10" uspid="23" ordinal="1" path="1" offset="11" offsetend="25" sl="23" fileid="3" />
              </BranchPoints>
              <MethodPoint vc="4" uspid="0" p8:type="SequencePoint" ordinal="0" offset="0" sc="0" sl="21" ec="1" el="24" bec="0" bev="0" fileid="3" xmlns:p8="xsi" />
            </Method>
          </Methods>
        </Class>
        <Class>
          <Summary numSequencePoints="44" visitedSequencePoints="40" numBranchPoints="6" visitedBranchPoints="3" sequenceCoverage="90.9" branchCoverage="50" maxCyclomaticComplexity="6" minCyclomaticComplexity="6" visitedClasses="1" numClasses="1" visitedMethods="1" numMethods="1" />
          <FullName>EventBooking.Service.EventBookingRepository/&lt;LogInDB&gt;d__2</FullName>
          <Methods>
            <Method cyclomaticComplexity="6" nPathComplexity="0" sequenceCoverage="90.9" branchCoverage="50" isConstructor="False" isGetter="False" isSetter="False" isStatic="True">
              <Summary numSequencePoints="44" visitedSequencePoints="40" numBranchPoints="6" visitedBranchPoints="3" sequenceCoverage="90.9" branchCoverage="50" maxCyclomaticComplexity="6" minCyclomaticComplexity="6" visitedClasses="0" numClasses="0" visitedMethods="1" numMethods="1" />
              <MetadataToken />
              <Name>System.Void EventBooking.Service.EventBookingRepository/&lt;LogInDB&gt;d__2::MoveNext()</Name>
              <FileRef uid="3" />
              <SequencePoints>
                <SequencePoint vc="1" uspid="28" ordinal="0" sl="28" sc="1" el="28" ec="2" bec="0" bev="0" fileid="3" />
                <SequencePoint vc="1" uspid="29" ordinal="1" sl="29" sc="1" el="29" ec="2" bec="0" bev="0" fileid="3" />
                <SequencePoint vc="1" uspid="31" ordinal="2" sl="31" sc="1" el="31" ec="2" bec="0" bev="0" fileid="3" />
                <SequencePoint vc="1" uspid="32" ordinal="3" sl="32" sc="1" el="32" ec="2" bec="6" bev="3" fileid="3" />
                <SequencePoint vc="1" uspid="33" ordinal="4" sl="33" sc="1" el="33" ec="2" bec="0" bev="0" fileid="3" />
                <SequencePoint vc="1" uspid="34" ordinal="5" sl="34" sc="1" el="34" ec="2" bec="0" bev="0" fileid="3" />
                <SequencePoint vc="1" uspid="35" ordinal="6" sl="35" sc="1" el="35" ec="2" bec="0" bev="0" fileid="3" />
                <SequencePoint vc="1" uspid="36" ordinal="7" sl="36" sc="1" el="36" ec="2" bec="0" bev="0" fileid="3" />
                <SequencePoint vc="1" uspid="37" ordinal="8" sl="37" sc="1" el="37" ec="2" bec="0" bev="0" fileid="3" />
                <SequencePoint vc="1" uspid="38" ordinal="9" sl="38" sc="1" el="38" ec="2" bec="0" bev="0" fileid="3" />
                <SequencePoint vc="1" uspid="39" ordinal="10" sl="39" sc="1" el="39" ec="2" bec="0" bev="0" fileid="3" />
                <SequencePoint vc="1" uspid="40" ordinal="11" sl="40" sc="1" el="40" ec="2" bec="0" bev="0" fileid="3" />
                <SequencePoint vc="1" uspid="41" ordinal="12" sl="41" sc="1" el="41" ec="2" bec="0" bev="0" fileid="3" />
                <SequencePoint vc="1" uspid="42" ordinal="13" sl="42" sc="1" el="42" ec="2" bec="0" bev="0" fileid="3" />
                <SequencePoint vc="1" uspid="43" ordinal="14" sl="43" sc="1" el="43" ec="2" bec="0" bev="0" fileid="3" />
                <SequencePoint vc="1" uspid="44" ordinal="15" sl="44" sc="1" el="44" ec="2" bec="0" bev="0" fileid="3" />
                <SequencePoint vc="1" uspid="45" ordinal="16" sl="45" sc="1" el="45" ec="2" bec="0" bev="0" fileid="3" />
                <SequencePoint vc="1" uspid="46" ordinal="17" sl="46" sc="1" el="46" ec="2" bec="0" bev="0" fileid="3" />
                <SequencePoint vc="1" uspid="47" ordinal="18" sl="47" sc="1" el="47" ec="2" bec="0" bev="0" fileid="3" />
                <SequencePoint vc="1" uspid="48" ordinal="19" sl="48" sc="1" el="48" ec="2" bec="0" bev="0" fileid="3" />
                <SequencePoint vc="1" uspid="49" ordinal="20" sl="49" sc="1" el="49" ec="2" bec="0" bev="0" fileid="3" />
                <SequencePoint vc="1" uspid="50" ordinal="21" sl="50" sc="1" el="50" ec="2" bec="0" bev="0" fileid="3" />
                <SequencePoint vc="1" uspid="51" ordinal="22" sl="51" sc="1" el="51" ec="2" bec="0" bev="0" fileid="3" />
                <SequencePoint vc="1" uspid="52" ordinal="23" sl="52" sc="1" el="52" ec="2" bec="0" bev="0" fileid="3" />
                <SequencePoint vc="1" uspid="53" ordinal="24" sl="53" sc="1" el="53" ec="2" bec="0" bev="0" fileid="3" />
                <SequencePoint vc="1" uspid="54" ordinal="25" sl="54" sc="1" el="54" ec="2" bec="0" bev="0" fileid="3" />
                <SequencePoint vc="1" uspid="55" ordinal="26" sl="55" sc="1" el="55" ec="2" bec="0" bev="0" fileid="3" />
                <SequencePoint vc="1" uspid="56" ordinal="27" sl="56" sc="1" el="56" ec="2" bec="0" bev="0" fileid="3" />
                <SequencePoint vc="1" uspid="57" ordinal="28" sl="57" sc="1" el="57" ec="2" bec="0" bev="0" fileid="3" />
                <SequencePoint vc="1" uspid="58" ordinal="29" sl="58" sc="1" el="58" ec="2" bec="0" bev="0" fileid="3" />
                <SequencePoint vc="1" uspid="59" ordinal="30" sl="59" sc="1" el="59" ec="2" bec="0" bev="0" fileid="3" />
                <SequencePoint vc="1" uspid="60" ordinal="31" sl="60" sc="1" el="60" ec="2" bec="0" bev="0" fileid="3" />
                <SequencePoint vc="1" uspid="62" ordinal="32" sl="62" sc="1" el="62" ec="2" bec="0" bev="0" fileid="3" />
                <SequencePoint vc="1" uspid="63" ordinal="33" sl="63" sc="1" el="63" ec="2" bec="0" bev="0" fileid="3" />
                <SequencePoint vc="1" uspid="65" ordinal="34" sl="65" sc="1" el="65" ec="2" bec="0" bev="0" fileid="3" />
                <SequencePoint vc="1" uspid="66" ordinal="35" sl="66" sc="1" el="66" ec="2" bec="0" bev="0" fileid="3" />
                <SequencePoint vc="1" uspid="67" ordinal="36" sl="67" sc="1" el="67" ec="2" bec="0" bev="0" fileid="3" />
                <SequencePoint vc="1" uspid="73" ordinal="37" sl="73" sc="1" el="73" ec="2" bec="0" bev="0" fileid="3" />
                <SequencePoint vc="0" uspid="74" ordinal="38" sl="74" sc="1" el="74" ec="2" bec="0" bev="0" fileid="3" />
                <SequencePoint vc="0" uspid="75" ordinal="39" sl="75" sc="1" el="75" ec="2" bec="0" bev="0" fileid="3" />
                <SequencePoint vc="0" uspid="76" ordinal="40" sl="76" sc="1" el="76" ec="2" bec="0" bev="0" fileid="3" />
                <SequencePoint vc="0" uspid="77" ordinal="41" sl="77" sc="1" el="77" ec="2" bec="0" bev="0" fileid="3" />
                <SequencePoint vc="1" uspid="78" ordinal="42" sl="78" sc="1" el="78" ec="2" bec="0" bev="0" fileid="3" />
                <SequencePoint vc="1" uspid="79" ordinal="43" sl="79" sc="1" el="79" ec="2" bec="0" bev="0" fileid="3" />
              </SequencePoints>
              <BranchPoints>
                <BranchPoint vc="1" uspid="32" ordinal="0" path="0" offset="110" offsetend="112" sl="32" fileid="3" />
                <BranchPoint vc="0" uspid="32" ordinal="1" path="1" offset="110" offsetend="125" sl="32" fileid="3" />
                <BranchPoint vc="1" uspid="32" ordinal="2" path="0" offset="202" offsetend="204" sl="32" fileid="3" />
                <BranchPoint vc="0" uspid="32" ordinal="3" path="1" offset="202" offsetend="222" sl="32" fileid="3" />
                <BranchPoint vc="1" uspid="32" ordinal="4" path="0" offset="295" offsetend="297" sl="32" fileid="3" />
                <BranchPoint vc="0" uspid="32" ordinal="5" path="1" offset="295" offsetend="310" sl="32" fileid="3" />
              </BranchPoints>
              <MethodPoint vc="40" uspid="0" p8:type="SequencePoint" ordinal="0" offset="0" sc="0" sl="28" ec="1" el="79" bec="0" bev="0" fileid="3" xmlns:p8="xsi" />
            </Method>
          </Methods>
        </Class>
        <Class>
          <Summary numSequencePoints="42" visitedSequencePoints="38" numBranchPoints="6" visitedBranchPoints="3" sequenceCoverage="90.47" branchCoverage="50" maxCyclomaticComplexity="6" minCyclomaticComplexity="6" visitedClasses="1" numClasses="1" visitedMethods="1" numMethods="1" />
          <FullName>EventBooking.Service.EventBookingRepository/&lt;ForgetPasswordDB&gt;d__3</FullName>
          <Methods>
            <Method cyclomaticComplexity="6" nPathComplexity="0" sequenceCoverage="90.47" branchCoverage="50" isConstructor="False" isGetter="False" isSetter="False" isStatic="True">
              <Summary numSequencePoints="42" visitedSequencePoints="38" numBranchPoints="6" visitedBranchPoints="3" sequenceCoverage="90.47" branchCoverage="50" maxCyclomaticComplexity="6" minCyclomaticComplexity="6" visitedClasses="0" numClasses="0" visitedMethods="1" numMethods="1" />
              <MetadataToken />
              <Name>System.Void EventBooking.Service.EventBookingRepository/&lt;ForgetPasswordDB&gt;d__3::MoveNext()</Name>
              <FileRef uid="3" />
              <SequencePoints>
                <SequencePoint vc="1" uspid="82" ordinal="0" sl="82" sc="1" el="82" ec="2" bec="0" bev="0" fileid="3" />
                <SequencePoint vc="1" uspid="83" ordinal="1" sl="83" sc="1" el="83" ec="2" bec="0" bev="0" fileid="3" />
                <SequencePoint vc="1" uspid="85" ordinal="2" sl="85" sc="1" el="85" ec="2" bec="0" bev="0" fileid="3" />
                <SequencePoint vc="1" uspid="86" ordinal="3" sl="86" sc="1" el="86" ec="2" bec="6" bev="3" fileid="3" />
                <SequencePoint vc="1" uspid="87" ordinal="4" sl="87" sc="1" el="87" ec="2" bec="0" bev="0" fileid="3" />
                <SequencePoint vc="1" uspid="88" ordinal="5" sl="88" sc="1" el="88" ec="2" bec="0" bev="0" fileid="3" />
                <SequencePoint vc="1" uspid="89" ordinal="6" sl="89" sc="1" el="89" ec="2" bec="0" bev="0" fileid="3" />
                <SequencePoint vc="1" uspid="90" ordinal="7" sl="90" sc="1" el="90" ec="2" bec="0" bev="0" fileid="3" />
                <SequencePoint vc="1" uspid="91" ordinal="8" sl="91" sc="1" el="91" ec="2" bec="0" bev="0" fileid="3" />
                <SequencePoint vc="1" uspid="92" ordinal="9" sl="92" sc="1" el="92" ec="2" bec="0" bev="0" fileid="3" />
                <SequencePoint vc="1" uspid="93" ordinal="10" sl="93" sc="1" el="93" ec="2" bec="0" bev="0" fileid="3" />
                <SequencePoint vc="1" uspid="94" ordinal="11" sl="94" sc="1" el="94" ec="2" bec="0" bev="0" fileid="3" />
                <SequencePoint vc="1" uspid="95" ordinal="12" sl="95" sc="1" el="95" ec="2" bec="0" bev="0" fileid="3" />
                <SequencePoint vc="1" uspid="96" ordinal="13" sl="96" sc="1" el="96" ec="2" bec="0" bev="0" fileid="3" />
                <SequencePoint vc="1" uspid="97" ordinal="14" sl="97" sc="1" el="97" ec="2" bec="0" bev="0" fileid="3" />
                <SequencePoint vc="1" uspid="98" ordinal="15" sl="98" sc="1" el="98" ec="2" bec="0" bev="0" fileid="3" />
                <SequencePoint vc="1" uspid="99" ordinal="16" sl="99" sc="1" el="99" ec="2" bec="0" bev="0" fileid="3" />
                <SequencePoint vc="1" uspid="100" ordinal="17" sl="100" sc="1" el="100" ec="2" bec="0" bev="0" fileid="3" />
                <SequencePoint vc="1" uspid="101" ordinal="18" sl="101" sc="1" el="101" ec="2" bec="0" bev="0" fileid="3" />
                <SequencePoint vc="1" uspid="102" ordinal="19" sl="102" sc="1" el="102" ec="2" bec="0" bev="0" fileid="3" />
                <SequencePoint vc="1" uspid="103" ordinal="20" sl="103" sc="1" el="103" ec="2" bec="0" bev="0" fileid="3" />
                <SequencePoint vc="1" uspid="104" ordinal="21" sl="104" sc="1" el="104" ec="2" bec="0" bev="0" fileid="3" />
                <SequencePoint vc="1" uspid="105" ordinal="22" sl="105" sc="1" el="105" ec="2" bec="0" bev="0" fileid="3" />
                <SequencePoint vc="1" uspid="106" ordinal="23" sl="106" sc="1" el="106" ec="2" bec="0" bev="0" fileid="3" />
                <SequencePoint vc="1" uspid="107" ordinal="24" sl="107" sc="1" el="107" ec="2" bec="0" bev="0" fileid="3" />
                <SequencePoint vc="1" uspid="108" ordinal="25" sl="108" sc="1" el="108" ec="2" bec="0" bev="0" fileid="3" />
                <SequencePoint vc="1" uspid="109" ordinal="26" sl="109" sc="1" el="109" ec="2" bec="0" bev="0" fileid="3" />
                <SequencePoint vc="1" uspid="110" ordinal="27" sl="110" sc="1" el="110" ec="2" bec="0" bev="0" fileid="3" />
                <SequencePoint vc="1" uspid="111" ordinal="28" sl="111" sc="1" el="111" ec="2" bec="0" bev="0" fileid="3" />
                <SequencePoint vc="1" uspid="112" ordinal="29" sl="112" sc="1" el="112" ec="2" bec="0" bev="0" fileid="3" />
                <SequencePoint vc="1" uspid="113" ordinal="30" sl="113" sc="1" el="113" ec="2" bec="0" bev="0" fileid="3" />
                <SequencePoint vc="1" uspid="114" ordinal="31" sl="114" sc="1" el="114" ec="2" bec="0" bev="0" fileid="3" />
                <SequencePoint vc="1" uspid="116" ordinal="32" sl="116" sc="1" el="116" ec="2" bec="0" bev="0" fileid="3" />
                <SequencePoint vc="1" uspid="117" ordinal="33" sl="117" sc="1" el="117" ec="2" bec="0" bev="0" fileid="3" />
                <SequencePoint vc="1" uspid="118" ordinal="34" sl="118" sc="1" el="118" ec="2" bec="0" bev="0" fileid="3" />
                <SequencePoint vc="1" uspid="124" ordinal="35" sl="124" sc="1" el="124" ec="2" bec="0" bev="0" fileid="3" />
                <SequencePoint vc="0" uspid="125" ordinal="36" sl="125" sc="1" el="125" ec="2" bec="0" bev="0" fileid="3" />
                <SequencePoint vc="0" uspid="126" ordinal="37" sl="126" sc="1" el="126" ec="2" bec="0" bev="0" fileid="3" />
                <SequencePoint vc="0" uspid="127" ordinal="38" sl="127" sc="1" el="127" ec="2" bec="0" bev="0" fileid="3" />
                <SequencePoint vc="0" uspid="128" ordinal="39" sl="128" sc="1" el="128" ec="2" bec="0" bev="0" fileid="3" />
                <SequencePoint vc="1" uspid="129" ordinal="40" sl="129" sc="1" el="129" ec="2" bec="0" bev="0" fileid="3" />
                <SequencePoint vc="1" uspid="130" ordinal="41" sl="130" sc="1" el="130" ec="2" bec="0" bev="0" fileid="3" />
              </SequencePoints>
              <BranchPoints>
                <BranchPoint vc="1" uspid="86" ordinal="0" path="0" offset="110" offsetend="112" sl="86" fileid="3" />
                <BranchPoint vc="0" uspid="86" ordinal="1" path="1" offset="110" offsetend="125" sl="86" fileid="3" />
                <BranchPoint vc="1" uspid="86" ordinal="2" path="0" offset="202" offsetend="204" sl="86" fileid="3" />
                <BranchPoint vc="0" uspid="86" ordinal="3" path="1" offset="202" offsetend="222" sl="86" fileid="3" />
                <BranchPoint vc="1" uspid="86" ordinal="4" path="0" offset="295" offsetend="297" sl="86" fileid="3" />
                <BranchPoint vc="0" uspid="86" ordinal="5" path="1" offset="295" offsetend="310" sl="86" fileid="3" />
              </BranchPoints>
              <MethodPoint vc="38" uspid="0" p8:type="SequencePoint" ordinal="0" offset="0" sc="0" sl="82" ec="1" el="130" bec="0" bev="0" fileid="3" xmlns:p8="xsi" />
            </Method>
          </Methods>
        </Class>
        <Class>
          <Summary numSequencePoints="63" visitedSequencePoints="59" numBranchPoints="0" visitedBranchPoints="0" sequenceCoverage="93.65" branchCoverage="100" maxCyclomaticComplexity="1" minCyclomaticComplexity="1" visitedClasses="1" numClasses="1" visitedMethods="1" numMethods="1" />
          <FullName>EventBooking.Service.EventBookingRepository/&lt;RegisterDB&gt;d__4</FullName>
          <Methods>
            <Method cyclomaticComplexity="1" nPathComplexity="0" sequenceCoverage="93.65" branchCoverage="100" isConstructor="False" isGetter="False" isSetter="False" isStatic="True">
              <Summary numSequencePoints="63" visitedSequencePoints="59" numBranchPoints="0" visitedBranchPoints="0" sequenceCoverage="93.65" branchCoverage="100" maxCyclomaticComplexity="1" minCyclomaticComplexity="1" visitedClasses="0" numClasses="0" visitedMethods="1" numMethods="1" />
              <MetadataToken />
              <Name>System.Void EventBooking.Service.EventBookingRepository/&lt;RegisterDB&gt;d__4::MoveNext()</Name>
              <FileRef uid="3" />
              <SequencePoints>
                <SequencePoint vc="1" uspid="133" ordinal="0" sl="133" sc="1" el="133" ec="2" bec="0" bev="0" fileid="3" />
                <SequencePoint vc="1" uspid="134" ordinal="1" sl="134" sc="1" el="134" ec="2" bec="0" bev="0" fileid="3" />
                <SequencePoint vc="1" uspid="136" ordinal="2" sl="136" sc="1" el="136" ec="2" bec="0" bev="0" fileid="3" />
                <SequencePoint vc="1" uspid="137" ordinal="3" sl="137" sc="1" el="137" ec="2" bec="0" bev="0" fileid="3" />
                <SequencePoint vc="1" uspid="138" ordinal="4" sl="138" sc="1" el="138" ec="2" bec="0" bev="0" fileid="3" />
                <SequencePoint vc="1" uspid="139" ordinal="5" sl="139" sc="1" el="139" ec="2" bec="0" bev="0" fileid="3" />
                <SequencePoint vc="1" uspid="140" ordinal="6" sl="140" sc="1" el="140" ec="2" bec="0" bev="0" fileid="3" />
                <SequencePoint vc="1" uspid="141" ordinal="7" sl="141" sc="1" el="141" ec="2" bec="0" bev="0" fileid="3" />
                <SequencePoint vc="1" uspid="142" ordinal="8" sl="142" sc="1" el="142" ec="2" bec="0" bev="0" fileid="3" />
                <SequencePoint vc="1" uspid="143" ordinal="9" sl="143" sc="1" el="143" ec="2" bec="0" bev="0" fileid="3" />
                <SequencePoint vc="1" uspid="144" ordinal="10" sl="144" sc="1" el="144" ec="2" bec="0" bev="0" fileid="3" />
                <SequencePoint vc="1" uspid="145" ordinal="11" sl="145" sc="1" el="145" ec="2" bec="0" bev="0" fileid="3" />
                <SequencePoint vc="1" uspid="146" ordinal="12" sl="146" sc="1" el="146" ec="2" bec="0" bev="0" fileid="3" />
                <SequencePoint vc="1" uspid="147" ordinal="13" sl="147" sc="1" el="147" ec="2" bec="0" bev="0" fileid="3" />
                <SequencePoint vc="1" uspid="148" ordinal="14" sl="148" sc="1" el="148" ec="2" bec="0" bev="0" fileid="3" />
                <SequencePoint vc="1" uspid="149" ordinal="15" sl="149" sc="1" el="149" ec="2" bec="0" bev="0" fileid="3" />
                <SequencePoint vc="1" uspid="150" ordinal="16" sl="150" sc="1" el="150" ec="2" bec="0" bev="0" fileid="3" />
                <SequencePoint vc="1" uspid="151" ordinal="17" sl="151" sc="1" el="151" ec="2" bec="0" bev="0" fileid="3" />
                <SequencePoint vc="1" uspid="152" ordinal="18" sl="152" sc="1" el="152" ec="2" bec="0" bev="0" fileid="3" />
                <SequencePoint vc="1" uspid="153" ordinal="19" sl="153" sc="1" el="153" ec="2" bec="0" bev="0" fileid="3" />
                <SequencePoint vc="1" uspid="154" ordinal="20" sl="154" sc="1" el="154" ec="2" bec="0" bev="0" fileid="3" />
                <SequencePoint vc="1" uspid="155" ordinal="21" sl="155" sc="1" el="155" ec="2" bec="0" bev="0" fileid="3" />
                <SequencePoint vc="1" uspid="156" ordinal="22" sl="156" sc="1" el="156" ec="2" bec="0" bev="0" fileid="3" />
                <SequencePoint vc="1" uspid="157" ordinal="23" sl="157" sc="1" el="157" ec="2" bec="0" bev="0" fileid="3" />
                <SequencePoint vc="1" uspid="158" ordinal="24" sl="158" sc="1" el="158" ec="2" bec="0" bev="0" fileid="3" />
                <SequencePoint vc="1" uspid="159" ordinal="25" sl="159" sc="1" el="159" ec="2" bec="0" bev="0" fileid="3" />
                <SequencePoint vc="1" uspid="160" ordinal="26" sl="160" sc="1" el="160" ec="2" bec="0" bev="0" fileid="3" />
                <SequencePoint vc="1" uspid="161" ordinal="27" sl="161" sc="1" el="161" ec="2" bec="0" bev="0" fileid="3" />
                <SequencePoint vc="1" uspid="162" ordinal="28" sl="162" sc="1" el="162" ec="2" bec="0" bev="0" fileid="3" />
                <SequencePoint vc="1" uspid="163" ordinal="29" sl="163" sc="1" el="163" ec="2" bec="0" bev="0" fileid="3" />
                <SequencePoint vc="1" uspid="164" ordinal="30" sl="164" sc="1" el="164" ec="2" bec="0" bev="0" fileid="3" />
                <SequencePoint vc="1" uspid="165" ordinal="31" sl="165" sc="1" el="165" ec="2" bec="0" bev="0" fileid="3" />
                <SequencePoint vc="1" uspid="166" ordinal="32" sl="166" sc="1" el="166" ec="2" bec="0" bev="0" fileid="3" />
                <SequencePoint vc="1" uspid="167" ordinal="33" sl="167" sc="1" el="167" ec="2" bec="0" bev="0" fileid="3" />
                <SequencePoint vc="1" uspid="168" ordinal="34" sl="168" sc="1" el="168" ec="2" bec="0" bev="0" fileid="3" />
                <SequencePoint vc="1" uspid="169" ordinal="35" sl="169" sc="1" el="169" ec="2" bec="0" bev="0" fileid="3" />
                <SequencePoint vc="1" uspid="170" ordinal="36" sl="170" sc="1" el="170" ec="2" bec="0" bev="0" fileid="3" />
                <SequencePoint vc="1" uspid="171" ordinal="37" sl="171" sc="1" el="171" ec="2" bec="0" bev="0" fileid="3" />
                <SequencePoint vc="1" uspid="172" ordinal="38" sl="172" sc="1" el="172" ec="2" bec="0" bev="0" fileid="3" />
                <SequencePoint vc="1" uspid="173" ordinal="39" sl="173" sc="1" el="173" ec="2" bec="0" bev="0" fileid="3" />
                <SequencePoint vc="1" uspid="174" ordinal="40" sl="174" sc="1" el="174" ec="2" bec="0" bev="0" fileid="3" />
                <SequencePoint vc="1" uspid="175" ordinal="41" sl="175" sc="1" el="175" ec="2" bec="0" bev="0" fileid="3" />
                <SequencePoint vc="1" uspid="176" ordinal="42" sl="176" sc="1" el="176" ec="2" bec="0" bev="0" fileid="3" />
                <SequencePoint vc="1" uspid="177" ordinal="43" sl="177" sc="1" el="177" ec="2" bec="0" bev="0" fileid="3" />
                <SequencePoint vc="1" uspid="178" ordinal="44" sl="178" sc="1" el="178" ec="2" bec="0" bev="0" fileid="3" />
                <SequencePoint vc="1" uspid="179" ordinal="45" sl="179" sc="1" el="179" ec="2" bec="0" bev="0" fileid="3" />
                <SequencePoint vc="1" uspid="180" ordinal="46" sl="180" sc="1" el="180" ec="2" bec="0" bev="0" fileid="3" />
                <SequencePoint vc="1" uspid="181" ordinal="47" sl="181" sc="1" el="181" ec="2" bec="0" bev="0" fileid="3" />
                <SequencePoint vc="1" uspid="182" ordinal="48" sl="182" sc="1" el="182" ec="2" bec="0" bev="0" fileid="3" />
                <SequencePoint vc="1" uspid="183" ordinal="49" sl="183" sc="1" el="183" ec="2" bec="0" bev="0" fileid="3" />
                <SequencePoint vc="1" uspid="184" ordinal="50" sl="184" sc="1" el="184" ec="2" bec="0" bev="0" fileid="3" />
                <SequencePoint vc="1" uspid="185" ordinal="51" sl="185" sc="1" el="185" ec="2" bec="0" bev="0" fileid="3" />
                <SequencePoint vc="1" uspid="186" ordinal="52" sl="186" sc="1" el="186" ec="2" bec="0" bev="0" fileid="3" />
                <SequencePoint vc="1" uspid="188" ordinal="53" sl="188" sc="1" el="188" ec="2" bec="0" bev="0" fileid="3" />
                <SequencePoint vc="1" uspid="189" ordinal="54" sl="189" sc="1" el="189" ec="2" bec="0" bev="0" fileid="3" />
                <SequencePoint vc="1" uspid="190" ordinal="55" sl="190" sc="1" el="190" ec="2" bec="0" bev="0" fileid="3" />
                <SequencePoint vc="1" uspid="196" ordinal="56" sl="196" sc="1" el="196" ec="2" bec="0" bev="0" fileid="3" />
                <SequencePoint vc="0" uspid="197" ordinal="57" sl="197" sc="1" el="197" ec="2" bec="0" bev="0" fileid="3" />
                <SequencePoint vc="0" uspid="198" ordinal="58" sl="198" sc="1" el="198" ec="2" bec="0" bev="0" fileid="3" />
                <SequencePoint vc="0" uspid="199" ordinal="59" sl="199" sc="1" el="199" ec="2" bec="0" bev="0" fileid="3" />
                <SequencePoint vc="0" uspid="200" ordinal="60" sl="200" sc="1" el="200" ec="2" bec="0" bev="0" fileid="3" />
                <SequencePoint vc="1" uspid="201" ordinal="61" sl="201" sc="1" el="201" ec="2" bec="0" bev="0" fileid="3" />
                <SequencePoint vc="1" uspid="202" ordinal="62" sl="202" sc="1" el="202" ec="2" bec="0" bev="0" fileid="3" />
              </SequencePoints>
              <BranchPoints />
              <MethodPoint vc="59" uspid="0" p8:type="SequencePoint" ordinal="0" offset="0" sc="0" sl="133" ec="1" el="202" bec="0" bev="0" fileid="3" xmlns:p8="xsi" />
            </Method>
          </Methods>
        </Class>
        <Class>
          <Summary numSequencePoints="3" visitedSequencePoints="3" numBranchPoints="0" visitedBranchPoints="0" sequenceCoverage="100" branchCoverage="100" maxCyclomaticComplexity="1" minCyclomaticComplexity="1" visitedClasses="1" numClasses="1" visitedMethods="1" numMethods="1" />
          <FullName>EventBooking.Service.EventBookingRepository/&lt;GetEventsDB&gt;d__5</FullName>
          <Methods>
            <Method cyclomaticComplexity="1" nPathComplexity="0" sequenceCoverage="100" branchCoverage="100" isConstructor="False" isGetter="False" isSetter="False" isStatic="True">
              <Summary numSequencePoints="3" visitedSequencePoints="3" numBranchPoints="0" visitedBranchPoints="0" sequenceCoverage="100" branchCoverage="100" maxCyclomaticComplexity="1" minCyclomaticComplexity="1" visitedClasses="0" numClasses="0" visitedMethods="1" numMethods="1" />
              <MetadataToken />
              <Name>System.Void EventBooking.Service.EventBookingRepository/&lt;GetEventsDB&gt;d__5::MoveNext()</Name>
              <FileRef uid="3" />
              <SequencePoints>
                <SequencePoint vc="1" uspid="205" ordinal="0" sl="205" sc="1" el="205" ec="2" bec="0" bev="0" fileid="3" />
                <SequencePoint vc="1" uspid="206" ordinal="1" sl="206" sc="1" el="206" ec="2" bec="0" bev="0" fileid="3" />
                <SequencePoint vc="1" uspid="211" ordinal="2" sl="211" sc="1" el="211" ec="2" bec="0" bev="0" fileid="3" />
              </SequencePoints>
              <BranchPoints />
              <MethodPoint vc="3" uspid="0" p8:type="SequencePoint" ordinal="0" offset="0" sc="0" sl="205" ec="1" el="211" bec="0" bev="0" fileid="3" xmlns:p8="xsi" />
            </Method>
          </Methods>
        </Class>
        <Class>
          <Summary numSequencePoints="35" visitedSequencePoints="35" numBranchPoints="8" visitedBranchPoints="4" sequenceCoverage="100" branchCoverage="50" maxCyclomaticComplexity="8" minCyclomaticComplexity="8" visitedClasses="1" numClasses="1" visitedMethods="1" numMethods="1" />
          <FullName>EventBooking.Service.EventBookingRepository/&lt;GetBookingStatusDB&gt;d__6</FullName>
          <Methods>
            <Method cyclomaticComplexity="8" nPathComplexity="0" sequenceCoverage="100" branchCoverage="50" isConstructor="False" isGetter="False" isSetter="False" isStatic="True">
              <Summary numSequencePoints="35" visitedSequencePoints="35" numBranchPoints="8" visitedBranchPoints="4" sequenceCoverage="100" branchCoverage="50" maxCyclomaticComplexity="8" minCyclomaticComplexity="8" visitedClasses="0" numClasses="0" visitedMethods="1" numMethods="1" />
              <MetadataToken />
              <Name>System.Void EventBooking.Service.EventBookingRepository/&lt;GetBookingStatusDB&gt;d__6::MoveNext()</Name>
              <FileRef uid="3" />
              <SequencePoints>
                <SequencePoint vc="1" uspid="214" ordinal="0" sl="214" sc="1" el="214" ec="2" bec="0" bev="0" fileid="3" />
                <SequencePoint vc="1" uspid="215" ordinal="1" sl="215" sc="1" el="215" ec="2" bec="8" bev="4" fileid="3" />
                <SequencePoint vc="1" uspid="216" ordinal="2" sl="216" sc="1" el="216" ec="2" bec="0" bev="0" fileid="3" />
                <SequencePoint vc="1" uspid="217" ordinal="3" sl="217" sc="1" el="217" ec="2" bec="0" bev="0" fileid="3" />
                <SequencePoint vc="1" uspid="218" ordinal="4" sl="218" sc="1" el="218" ec="2" bec="0" bev="0" fileid="3" />
                <SequencePoint vc="1" uspid="219" ordinal="5" sl="219" sc="1" el="219" ec="2" bec="0" bev="0" fileid="3" />
                <SequencePoint vc="1" uspid="220" ordinal="6" sl="220" sc="1" el="220" ec="2" bec="0" bev="0" fileid="3" />
                <SequencePoint vc="1" uspid="221" ordinal="7" sl="221" sc="1" el="221" ec="2" bec="0" bev="0" fileid="3" />
                <SequencePoint vc="1" uspid="222" ordinal="8" sl="222" sc="1" el="222" ec="2" bec="0" bev="0" fileid="3" />
                <SequencePoint vc="1" uspid="223" ordinal="9" sl="223" sc="1" el="223" ec="2" bec="0" bev="0" fileid="3" />
                <SequencePoint vc="1" uspid="224" ordinal="10" sl="224" sc="1" el="224" ec="2" bec="0" bev="0" fileid="3" />
                <SequencePoint vc="1" uspid="225" ordinal="11" sl="225" sc="1" el="225" ec="2" bec="0" bev="0" fileid="3" />
                <SequencePoint vc="1" uspid="226" ordinal="12" sl="226" sc="1" el="226" ec="2" bec="0" bev="0" fileid="3" />
                <SequencePoint vc="1" uspid="227" ordinal="13" sl="227" sc="1" el="227" ec="2" bec="0" bev="0" fileid="3" />
                <SequencePoint vc="1" uspid="228" ordinal="14" sl="228" sc="1" el="228" ec="2" bec="0" bev="0" fileid="3" />
                <SequencePoint vc="1" uspid="229" ordinal="15" sl="229" sc="1" el="229" ec="2" bec="0" bev="0" fileid="3" />
                <SequencePoint vc="1" uspid="230" ordinal="16" sl="230" sc="1" el="230" ec="2" bec="0" bev="0" fileid="3" />
                <SequencePoint vc="1" uspid="231" ordinal="17" sl="231" sc="1" el="231" ec="2" bec="0" bev="0" fileid="3" />
                <SequencePoint vc="1" uspid="232" ordinal="18" sl="232" sc="1" el="232" ec="2" bec="0" bev="0" fileid="3" />
                <SequencePoint vc="1" uspid="233" ordinal="19" sl="233" sc="1" el="233" ec="2" bec="0" bev="0" fileid="3" />
                <SequencePoint vc="1" uspid="234" ordinal="20" sl="234" sc="1" el="234" ec="2" bec="0" bev="0" fileid="3" />
                <SequencePoint vc="1" uspid="235" ordinal="21" sl="235" sc="1" el="235" ec="2" bec="0" bev="0" fileid="3" />
                <SequencePoint vc="1" uspid="236" ordinal="22" sl="236" sc="1" el="236" ec="2" bec="0" bev="0" fileid="3" />
                <SequencePoint vc="1" uspid="237" ordinal="23" sl="237" sc="1" el="237" ec="2" bec="0" bev="0" fileid="3" />
                <SequencePoint vc="1" uspid="238" ordinal="24" sl="238" sc="1" el="238" ec="2" bec="0" bev="0" fileid="3" />
                <SequencePoint vc="1" uspid="239" ordinal="25" sl="239" sc="1" el="239" ec="2" bec="0" bev="0" fileid="3" />
                <SequencePoint vc="1" uspid="240" ordinal="26" sl="240" sc="1" el="240" ec="2" bec="0" bev="0" fileid="3" />
                <SequencePoint vc="1" uspid="241" ordinal="27" sl="241" sc="1" el="241" ec="2" bec="0" bev="0" fileid="3" />
                <SequencePoint vc="1" uspid="242" ordinal="28" sl="242" sc="1" el="242" ec="2" bec="0" bev="0" fileid="3" />
                <SequencePoint vc="1" uspid="243" ordinal="29" sl="243" sc="1" el="243" ec="2" bec="0" bev="0" fileid="3" />
                <SequencePoint vc="1" uspid="244" ordinal="30" sl="244" sc="1" el="244" ec="2" bec="0" bev="0" fileid="3" />
                <SequencePoint vc="1" uspid="246" ordinal="31" sl="246" sc="1" el="246" ec="2" bec="0" bev="0" fileid="3" />
                <SequencePoint vc="1" uspid="247" ordinal="32" sl="247" sc="1" el="247" ec="2" bec="0" bev="0" fileid="3" />
                <SequencePoint vc="1" uspid="248" ordinal="33" sl="248" sc="1" el="248" ec="2" bec="0" bev="0" fileid="3" />
                <SequencePoint vc="1" uspid="252" ordinal="34" sl="252" sc="1" el="252" ec="2" bec="0" bev="0" fileid="3" />
              </SequencePoints>
              <BranchPoints>
                <BranchPoint vc="1" uspid="215" ordinal="0" path="0" offset="87" offsetend="89" sl="215" fileid="3" />
                <BranchPoint vc="0" uspid="215" ordinal="1" path="1" offset="87" offsetend="102" sl="215" fileid="3" />
                <BranchPoint vc="1" uspid="215" ordinal="2" path="0" offset="176" offsetend="178" sl="215" fileid="3" />
                <BranchPoint vc="0" uspid="215" ordinal="3" path="1" offset="176" offsetend="191" sl="215" fileid="3" />
                <BranchPoint vc="0" uspid="215" ordinal="4" path="0" offset="265" offsetend="267" sl="215" fileid="3" />
                <BranchPoint vc="1" uspid="215" ordinal="5" path="1" offset="265" offsetend="280" sl="215" fileid="3" />
                <BranchPoint vc="0" uspid="215" ordinal="6" path="0" offset="354" offsetend="356" sl="215" fileid="3" />
                <BranchPoint vc="1" uspid="215" ordinal="7" path="1" offset="354" offsetend="369" sl="215" fileid="3" />
              </BranchPoints>
              <MethodPoint vc="35" uspid="0" p8:type="SequencePoint" ordinal="0" offset="0" sc="0" sl="214" ec="1" el="252" bec="0" bev="0" fileid="3" xmlns:p8="xsi" />
            </Method>
          </Methods>
        </Class>
        <Class>
          <Summary numSequencePoints="77" visitedSequencePoints="73" numBranchPoints="8" visitedBranchPoints="4" sequenceCoverage="94.8" branchCoverage="50" maxCyclomaticComplexity="8" minCyclomaticComplexity="8" visitedClasses="1" numClasses="1" visitedMethods="1" numMethods="1" />
          <FullName>EventBooking.Service.EventBookingRepository/&lt;BookingDB&gt;d__7</FullName>
          <Methods>
            <Method cyclomaticComplexity="8" nPathComplexity="0" sequenceCoverage="94.8" branchCoverage="50" isConstructor="False" isGetter="False" isSetter="False" isStatic="True">
              <Summary numSequencePoints="77" visitedSequencePoints="73" numBranchPoints="8" visitedBranchPoints="4" sequenceCoverage="94.8" branchCoverage="50" maxCyclomaticComplexity="8" minCyclomaticComplexity="8" visitedClasses="0" numClasses="0" visitedMethods="1" numMethods="1" />
              <MetadataToken />
              <Name>System.Void EventBooking.Service.EventBookingRepository/&lt;BookingDB&gt;d__7::MoveNext()</Name>
              <FileRef uid="3" />
              <SequencePoints>
                <SequencePoint vc="1" uspid="255" ordinal="0" sl="255" sc="1" el="255" ec="2" bec="0" bev="0" fileid="3" />
                <SequencePoint vc="1" uspid="256" ordinal="1" sl="256" sc="1" el="256" ec="2" bec="0" bev="0" fileid="3" />
                <SequencePoint vc="1" uspid="258" ordinal="2" sl="258" sc="1" el="258" ec="2" bec="0" bev="0" fileid="3" />
                <SequencePoint vc="1" uspid="259" ordinal="3" sl="259" sc="1" el="259" ec="2" bec="8" bev="4" fileid="3" />
                <SequencePoint vc="1" uspid="260" ordinal="4" sl="260" sc="1" el="260" ec="2" bec="0" bev="0" fileid="3" />
                <SequencePoint vc="1" uspid="261" ordinal="5" sl="261" sc="1" el="261" ec="2" bec="0" bev="0" fileid="3" />
                <SequencePoint vc="1" uspid="262" ordinal="6" sl="262" sc="1" el="262" ec="2" bec="0" bev="0" fileid="3" />
                <SequencePoint vc="1" uspid="263" ordinal="7" sl="263" sc="1" el="263" ec="2" bec="0" bev="0" fileid="3" />
                <SequencePoint vc="1" uspid="264" ordinal="8" sl="264" sc="1" el="264" ec="2" bec="0" bev="0" fileid="3" />
                <SequencePoint vc="1" uspid="265" ordinal="9" sl="265" sc="1" el="265" ec="2" bec="0" bev="0" fileid="3" />
                <SequencePoint vc="1" uspid="266" ordinal="10" sl="266" sc="1" el="266" ec="2" bec="0" bev="0" fileid="3" />
                <SequencePoint vc="1" uspid="267" ordinal="11" sl="267" sc="1" el="267" ec="2" bec="0" bev="0" fileid="3" />
                <SequencePoint vc="1" uspid="268" ordinal="12" sl="268" sc="1" el="268" ec="2" bec="0" bev="0" fileid="3" />
                <SequencePoint vc="1" uspid="269" ordinal="13" sl="269" sc="1" el="269" ec="2" bec="0" bev="0" fileid="3" />
                <SequencePoint vc="1" uspid="270" ordinal="14" sl="270" sc="1" el="270" ec="2" bec="0" bev="0" fileid="3" />
                <SequencePoint vc="1" uspid="271" ordinal="15" sl="271" sc="1" el="271" ec="2" bec="0" bev="0" fileid="3" />
                <SequencePoint vc="1" uspid="272" ordinal="16" sl="272" sc="1" el="272" ec="2" bec="0" bev="0" fileid="3" />
                <SequencePoint vc="1" uspid="273" ordinal="17" sl="273" sc="1" el="273" ec="2" bec="0" bev="0" fileid="3" />
                <SequencePoint vc="1" uspid="274" ordinal="18" sl="274" sc="1" el="274" ec="2" bec="0" bev="0" fileid="3" />
                <SequencePoint vc="1" uspid="275" ordinal="19" sl="275" sc="1" el="275" ec="2" bec="0" bev="0" fileid="3" />
                <SequencePoint vc="1" uspid="276" ordinal="20" sl="276" sc="1" el="276" ec="2" bec="0" bev="0" fileid="3" />
                <SequencePoint vc="1" uspid="277" ordinal="21" sl="277" sc="1" el="277" ec="2" bec="0" bev="0" fileid="3" />
                <SequencePoint vc="1" uspid="278" ordinal="22" sl="278" sc="1" el="278" ec="2" bec="0" bev="0" fileid="3" />
                <SequencePoint vc="1" uspid="279" ordinal="23" sl="279" sc="1" el="279" ec="2" bec="0" bev="0" fileid="3" />
                <SequencePoint vc="1" uspid="280" ordinal="24" sl="280" sc="1" el="280" ec="2" bec="0" bev="0" fileid="3" />
                <SequencePoint vc="1" uspid="281" ordinal="25" sl="281" sc="1" el="281" ec="2" bec="0" bev="0" fileid="3" />
                <SequencePoint vc="1" uspid="282" ordinal="26" sl="282" sc="1" el="282" ec="2" bec="0" bev="0" fileid="3" />
                <SequencePoint vc="1" uspid="283" ordinal="27" sl="283" sc="1" el="283" ec="2" bec="0" bev="0" fileid="3" />
                <SequencePoint vc="1" uspid="284" ordinal="28" sl="284" sc="1" el="284" ec="2" bec="0" bev="0" fileid="3" />
                <SequencePoint vc="1" uspid="285" ordinal="29" sl="285" sc="1" el="285" ec="2" bec="0" bev="0" fileid="3" />
                <SequencePoint vc="1" uspid="286" ordinal="30" sl="286" sc="1" el="286" ec="2" bec="0" bev="0" fileid="3" />
                <SequencePoint vc="1" uspid="287" ordinal="31" sl="287" sc="1" el="287" ec="2" bec="0" bev="0" fileid="3" />
                <SequencePoint vc="1" uspid="288" ordinal="32" sl="288" sc="1" el="288" ec="2" bec="0" bev="0" fileid="3" />
                <SequencePoint vc="1" uspid="289" ordinal="33" sl="289" sc="1" el="289" ec="2" bec="0" bev="0" fileid="3" />
                <SequencePoint vc="1" uspid="290" ordinal="34" sl="290" sc="1" el="290" ec="2" bec="0" bev="0" fileid="3" />
                <SequencePoint vc="1" uspid="291" ordinal="35" sl="291" sc="1" el="291" ec="2" bec="0" bev="0" fileid="3" />
                <SequencePoint vc="1" uspid="292" ordinal="36" sl="292" sc="1" el="292" ec="2" bec="0" bev="0" fileid="3" />
                <SequencePoint vc="1" uspid="293" ordinal="37" sl="293" sc="1" el="293" ec="2" bec="0" bev="0" fileid="3" />
                <SequencePoint vc="1" uspid="294" ordinal="38" sl="294" sc="1" el="294" ec="2" bec="0" bev="0" fileid="3" />
                <SequencePoint vc="1" uspid="295" ordinal="39" sl="295" sc="1" el="295" ec="2" bec="0" bev="0" fileid="3" />
                <SequencePoint vc="1" uspid="296" ordinal="40" sl="296" sc="1" el="296" ec="2" bec="0" bev="0" fileid="3" />
                <SequencePoint vc="1" uspid="297" ordinal="41" sl="297" sc="1" el="297" ec="2" bec="0" bev="0" fileid="3" />
                <SequencePoint vc="1" uspid="298" ordinal="42" sl="298" sc="1" el="298" ec="2" bec="0" bev="0" fileid="3" />
                <SequencePoint vc="1" uspid="299" ordinal="43" sl="299" sc="1" el="299" ec="2" bec="0" bev="0" fileid="3" />
                <SequencePoint vc="1" uspid="300" ordinal="44" sl="300" sc="1" el="300" ec="2" bec="0" bev="0" fileid="3" />
                <SequencePoint vc="1" uspid="301" ordinal="45" sl="301" sc="1" el="301" ec="2" bec="0" bev="0" fileid="3" />
                <SequencePoint vc="1" uspid="302" ordinal="46" sl="302" sc="1" el="302" ec="2" bec="0" bev="0" fileid="3" />
                <SequencePoint vc="1" uspid="303" ordinal="47" sl="303" sc="1" el="303" ec="2" bec="0" bev="0" fileid="3" />
                <SequencePoint vc="1" uspid="304" ordinal="48" sl="304" sc="1" el="304" ec="2" bec="0" bev="0" fileid="3" />
                <SequencePoint vc="1" uspid="305" ordinal="49" sl="305" sc="1" el="305" ec="2" bec="0" bev="0" fileid="3" />
                <SequencePoint vc="1" uspid="306" ordinal="50" sl="306" sc="1" el="306" ec="2" bec="0" bev="0" fileid="3" />
                <SequencePoint vc="1" uspid="307" ordinal="51" sl="307" sc="1" el="307" ec="2" bec="0" bev="0" fileid="3" />
                <SequencePoint vc="1" uspid="308" ordinal="52" sl="308" sc="1" el="308" ec="2" bec="0" bev="0" fileid="3" />
                <SequencePoint vc="1" uspid="309" ordinal="53" sl="309" sc="1" el="309" ec="2" bec="0" bev="0" fileid="3" />
                <SequencePoint vc="1" uspid="310" ordinal="54" sl="310" sc="1" el="310" ec="2" bec="0" bev="0" fileid="3" />
                <SequencePoint vc="1" uspid="311" ordinal="55" sl="311" sc="1" el="311" ec="2" bec="0" bev="0" fileid="3" />
                <SequencePoint vc="1" uspid="312" ordinal="56" sl="312" sc="1" el="312" ec="2" bec="0" bev="0" fileid="3" />
                <SequencePoint vc="1" uspid="313" ordinal="57" sl="313" sc="1" el="313" ec="2" bec="0" bev="0" fileid="3" />
                <SequencePoint vc="1" uspid="314" ordinal="58" sl="314" sc="1" el="314" ec="2" bec="0" bev="0" fileid="3" />
                <SequencePoint vc="1" uspid="315" ordinal="59" sl="315" sc="1" el="315" ec="2" bec="0" bev="0" fileid="3" />
                <SequencePoint vc="1" uspid="316" ordinal="60" sl="316" sc="1" el="316" ec="2" bec="0" bev="0" fileid="3" />
                <SequencePoint vc="1" uspid="317" ordinal="61" sl="317" sc="1" el="317" ec="2" bec="0" bev="0" fileid="3" />
                <SequencePoint vc="1" uspid="318" ordinal="62" sl="318" sc="1" el="318" ec="2" bec="0" bev="0" fileid="3" />
                <SequencePoint vc="1" uspid="319" ordinal="63" sl="319" sc="1" el="319" ec="2" bec="0" bev="0" fileid="3" />
                <SequencePoint vc="1" uspid="320" ordinal="64" sl="320" sc="1" el="320" ec="2" bec="0" bev="0" fileid="3" />
                <SequencePoint vc="1" uspid="321" ordinal="65" sl="321" sc="1" el="321" ec="2" bec="0" bev="0" fileid="3" />
                <SequencePoint vc="1" uspid="322" ordinal="66" sl="322" sc="1" el="322" ec="2" bec="0" bev="0" fileid="3" />
                <SequencePoint vc="1" uspid="324" ordinal="67" sl="324" sc="1" el="324" ec="2" bec="0" bev="0" fileid="3" />
                <SequencePoint vc="1" uspid="325" ordinal="68" sl="325" sc="1" el="325" ec="2" bec="0" bev="0" fileid="3" />
                <SequencePoint vc="1" uspid="326" ordinal="69" sl="326" sc="1" el="326" ec="2" bec="0" bev="0" fileid="3" />
                <SequencePoint vc="1" uspid="332" ordinal="70" sl="332" sc="1" el="332" ec="2" bec="0" bev="0" fileid="3" />
                <SequencePoint vc="0" uspid="333" ordinal="71" sl="333" sc="1" el="333" ec="2" bec="0" bev="0" fileid="3" />
                <SequencePoint vc="0" uspid="334" ordinal="72" sl="334" sc="1" el="334" ec="2" bec="0" bev="0" fileid="3" />
                <SequencePoint vc="0" uspid="335" ordinal="73" sl="335" sc="1" el="335" ec="2" bec="0" bev="0" fileid="3" />
                <SequencePoint vc="0" uspid="336" ordinal="74" sl="336" sc="1" el="336" ec="2" bec="0" bev="0" fileid="3" />
                <SequencePoint vc="1" uspid="337" ordinal="75" sl="337" sc="1" el="337" ec="2" bec="0" bev="0" fileid="3" />
                <SequencePoint vc="1" uspid="338" ordinal="76" sl="338" sc="1" el="338" ec="2" bec="0" bev="0" fileid="3" />
              </SequencePoints>
              <BranchPoints>
                <BranchPoint vc="1" uspid="259" ordinal="0" path="0" offset="108" offsetend="110" sl="259" fileid="3" />
                <BranchPoint vc="0" uspid="259" ordinal="1" path="1" offset="108" offsetend="123" sl="259" fileid="3" />
                <BranchPoint vc="1" uspid="259" ordinal="2" path="0" offset="314" offsetend="316" sl="259" fileid="3" />
                <BranchPoint vc="0" uspid="259" ordinal="3" path="1" offset="314" offsetend="329" sl="259" fileid="3" />
                <BranchPoint vc="1" uspid="259" ordinal="4" path="0" offset="403" offsetend="405" sl="259" fileid="3" />
                <BranchPoint vc="0" uspid="259" ordinal="5" path="1" offset="403" offsetend="418" sl="259" fileid="3" />
                <BranchPoint vc="1" uspid="259" ordinal="6" path="0" offset="610" offsetend="612" sl="259" fileid="3" />
                <BranchPoint vc="0" uspid="259" ordinal="7" path="1" offset="610" offsetend="625" sl="259" fileid="3" />
              </BranchPoints>
              <MethodPoint vc="73" uspid="0" p8:type="SequencePoint" ordinal="0" offset="0" sc="0" sl="255" ec="1" el="338" bec="0" bev="0" fileid="3" xmlns:p8="xsi" />
            </Method>
          </Methods>
        </Class>
        <Class>
          <Summary numSequencePoints="42" visitedSequencePoints="38" numBranchPoints="6" visitedBranchPoints="3" sequenceCoverage="90.47" branchCoverage="50" maxCyclomaticComplexity="6" minCyclomaticComplexity="6" visitedClasses="1" numClasses="1" visitedMethods="1" numMethods="1" />
          <FullName>EventBooking.Service.EventBookingRepository/&lt;CancelBookingDB&gt;d__8</FullName>
          <Methods>
            <Method cyclomaticComplexity="6" nPathComplexity="0" sequenceCoverage="90.47" branchCoverage="50" isConstructor="False" isGetter="False" isSetter="False" isStatic="True">
              <Summary numSequencePoints="42" visitedSequencePoints="38" numBranchPoints="6" visitedBranchPoints="3" sequenceCoverage="90.47" branchCoverage="50" maxCyclomaticComplexity="6" minCyclomaticComplexity="6" visitedClasses="0" numClasses="0" visitedMethods="1" numMethods="1" />
              <MetadataToken />
              <Name>System.Void EventBooking.Service.EventBookingRepository/&lt;CancelBookingDB&gt;d__8::MoveNext()</Name>
              <FileRef uid="3" />
              <SequencePoints>
                <SequencePoint vc="1" uspid="341" ordinal="0" sl="341" sc="1" el="341" ec="2" bec="0" bev="0" fileid="3" />
                <SequencePoint vc="1" uspid="342" ordinal="1" sl="342" sc="1" el="342" ec="2" bec="0" bev="0" fileid="3" />
                <SequencePoint vc="1" uspid="344" ordinal="2" sl="344" sc="1" el="344" ec="2" bec="0" bev="0" fileid="3" />
                <SequencePoint vc="1" uspid="345" ordinal="3" sl="345" sc="1" el="345" ec="2" bec="6" bev="3" fileid="3" />
                <SequencePoint vc="1" uspid="346" ordinal="4" sl="346" sc="1" el="346" ec="2" bec="0" bev="0" fileid="3" />
                <SequencePoint vc="1" uspid="347" ordinal="5" sl="347" sc="1" el="347" ec="2" bec="0" bev="0" fileid="3" />
                <SequencePoint vc="1" uspid="348" ordinal="6" sl="348" sc="1" el="348" ec="2" bec="0" bev="0" fileid="3" />
                <SequencePoint vc="1" uspid="349" ordinal="7" sl="349" sc="1" el="349" ec="2" bec="0" bev="0" fileid="3" />
                <SequencePoint vc="1" uspid="350" ordinal="8" sl="350" sc="1" el="350" ec="2" bec="0" bev="0" fileid="3" />
                <SequencePoint vc="1" uspid="351" ordinal="9" sl="351" sc="1" el="351" ec="2" bec="0" bev="0" fileid="3" />
                <SequencePoint vc="1" uspid="352" ordinal="10" sl="352" sc="1" el="352" ec="2" bec="0" bev="0" fileid="3" />
                <SequencePoint vc="1" uspid="353" ordinal="11" sl="353" sc="1" el="353" ec="2" bec="0" bev="0" fileid="3" />
                <SequencePoint vc="1" uspid="354" ordinal="12" sl="354" sc="1" el="354" ec="2" bec="0" bev="0" fileid="3" />
                <SequencePoint vc="1" uspid="355" ordinal="13" sl="355" sc="1" el="355" ec="2" bec="0" bev="0" fileid="3" />
                <SequencePoint vc="1" uspid="356" ordinal="14" sl="356" sc="1" el="356" ec="2" bec="0" bev="0" fileid="3" />
                <SequencePoint vc="1" uspid="357" ordinal="15" sl="357" sc="1" el="357" ec="2" bec="0" bev="0" fileid="3" />
                <SequencePoint vc="1" uspid="358" ordinal="16" sl="358" sc="1" el="358" ec="2" bec="0" bev="0" fileid="3" />
                <SequencePoint vc="1" uspid="359" ordinal="17" sl="359" sc="1" el="359" ec="2" bec="0" bev="0" fileid="3" />
                <SequencePoint vc="1" uspid="360" ordinal="18" sl="360" sc="1" el="360" ec="2" bec="0" bev="0" fileid="3" />
                <SequencePoint vc="1" uspid="361" ordinal="19" sl="361" sc="1" el="361" ec="2" bec="0" bev="0" fileid="3" />
                <SequencePoint vc="1" uspid="362" ordinal="20" sl="362" sc="1" el="362" ec="2" bec="0" bev="0" fileid="3" />
                <SequencePoint vc="1" uspid="363" ordinal="21" sl="363" sc="1" el="363" ec="2" bec="0" bev="0" fileid="3" />
                <SequencePoint vc="1" uspid="364" ordinal="22" sl="364" sc="1" el="364" ec="2" bec="0" bev="0" fileid="3" />
                <SequencePoint vc="1" uspid="365" ordinal="23" sl="365" sc="1" el="365" ec="2" bec="0" bev="0" fileid="3" />
                <SequencePoint vc="1" uspid="366" ordinal="24" sl="366" sc="1" el="366" ec="2" bec="0" bev="0" fileid="3" />
                <SequencePoint vc="1" uspid="367" ordinal="25" sl="367" sc="1" el="367" ec="2" bec="0" bev="0" fileid="3" />
                <SequencePoint vc="1" uspid="368" ordinal="26" sl="368" sc="1" el="368" ec="2" bec="0" bev="0" fileid="3" />
                <SequencePoint vc="1" uspid="369" ordinal="27" sl="369" sc="1" el="369" ec="2" bec="0" bev="0" fileid="3" />
                <SequencePoint vc="1" uspid="370" ordinal="28" sl="370" sc="1" el="370" ec="2" bec="0" bev="0" fileid="3" />
                <SequencePoint vc="1" uspid="371" ordinal="29" sl="371" sc="1" el="371" ec="2" bec="0" bev="0" fileid="3" />
                <SequencePoint vc="1" uspid="372" ordinal="30" sl="372" sc="1" el="372" ec="2" bec="0" bev="0" fileid="3" />
                <SequencePoint vc="1" uspid="373" ordinal="31" sl="373" sc="1" el="373" ec="2" bec="0" bev="0" fileid="3" />
                <SequencePoint vc="1" uspid="375" ordinal="32" sl="375" sc="1" el="375" ec="2" bec="0" bev="0" fileid="3" />
                <SequencePoint vc="1" uspid="376" ordinal="33" sl="376" sc="1" el="376" ec="2" bec="0" bev="0" fileid="3" />
                <SequencePoint vc="1" uspid="377" ordinal="34" sl="377" sc="1" el="377" ec="2" bec="0" bev="0" fileid="3" />
                <SequencePoint vc="1" uspid="383" ordinal="35" sl="383" sc="1" el="383" ec="2" bec="0" bev="0" fileid="3" />
                <SequencePoint vc="0" uspid="384" ordinal="36" sl="384" sc="1" el="384" ec="2" bec="0" bev="0" fileid="3" />
                <SequencePoint vc="0" uspid="385" ordinal="37" sl="385" sc="1" el="385" ec="2" bec="0" bev="0" fileid="3" />
                <SequencePoint vc="0" uspid="386" ordinal="38" sl="386" sc="1" el="386" ec="2" bec="0" bev="0" fileid="3" />
                <SequencePoint vc="0" uspid="387" ordinal="39" sl="387" sc="1" el="387" ec="2" bec="0" bev="0" fileid="3" />
                <SequencePoint vc="1" uspid="388" ordinal="40" sl="388" sc="1" el="388" ec="2" bec="0" bev="0" fileid="3" />
                <SequencePoint vc="1" uspid="389" ordinal="41" sl="389" sc="1" el="389" ec="2" bec="0" bev="0" fileid="3" />
              </SequencePoints>
              <BranchPoints>
                <BranchPoint vc="1" uspid="345" ordinal="0" path="0" offset="107" offsetend="109" sl="345" fileid="3" />
                <BranchPoint vc="0" uspid="345" ordinal="1" path="1" offset="107" offsetend="122" sl="345" fileid="3" />
                <BranchPoint vc="1" uspid="345" ordinal="2" path="0" offset="196" offsetend="198" sl="345" fileid="3" />
                <BranchPoint vc="0" uspid="345" ordinal="3" path="1" offset="196" offsetend="211" sl="345" fileid="3" />
                <BranchPoint vc="1" uspid="345" ordinal="4" path="0" offset="285" offsetend="287" sl="345" fileid="3" />
                <BranchPoint vc="0" uspid="345" ordinal="5" path="1" offset="285" offsetend="300" sl="345" fileid="3" />
              </BranchPoints>
              <MethodPoint vc="38" uspid="0" p8:type="SequencePoint" ordinal="0" offset="0" sc="0" sl="341" ec="1" el="389" bec="0" bev="0" fileid="3" xmlns:p8="xsi" />
            </Method>
          </Methods>
        </Class>
        <Class>
          <Summary numSequencePoints="70" visitedSequencePoints="66" numBranchPoints="12" visitedBranchPoints="6" sequenceCoverage="94.28" branchCoverage="50" maxCyclomaticComplexity="12" minCyclomaticComplexity="12" visitedClasses="1" numClasses="1" visitedMethods="1" numMethods="1" />
          <FullName>EventBooking.Service.EventBookingRepository/&lt;SubmitforPartnerShipDB&gt;d__9</FullName>
          <Methods>
            <Method cyclomaticComplexity="12" nPathComplexity="0" sequenceCoverage="94.28" branchCoverage="50" isConstructor="False" isGetter="False" isSetter="False" isStatic="True">
              <Summary numSequencePoints="70" visitedSequencePoints="66" numBranchPoints="12" visitedBranchPoints="6" sequenceCoverage="94.28" branchCoverage="50" maxCyclomaticComplexity="12" minCyclomaticComplexity="12" visitedClasses="0" numClasses="0" visitedMethods="1" numMethods="1" />
              <MetadataToken />
              <Name>System.Void EventBooking.Service.EventBookingRepository/&lt;SubmitforPartnerShipDB&gt;d__9::MoveNext()</Name>
              <FileRef uid="3" />
              <SequencePoints>
                <SequencePoint vc="1" uspid="392" ordinal="0" sl="392" sc="1" el="392" ec="2" bec="0" bev="0" fileid="3" />
                <SequencePoint vc="1" uspid="393" ordinal="1" sl="393" sc="1" el="393" ec="2" bec="0" bev="0" fileid="3" />
                <SequencePoint vc="1" uspid="395" ordinal="2" sl="395" sc="1" el="395" ec="2" bec="0" bev="0" fileid="3" />
                <SequencePoint vc="1" uspid="396" ordinal="3" sl="396" sc="1" el="396" ec="2" bec="12" bev="6" fileid="3" />
                <SequencePoint vc="1" uspid="397" ordinal="4" sl="397" sc="1" el="397" ec="2" bec="0" bev="0" fileid="3" />
                <SequencePoint vc="1" uspid="398" ordinal="5" sl="398" sc="1" el="398" ec="2" bec="0" bev="0" fileid="3" />
                <SequencePoint vc="1" uspid="399" ordinal="6" sl="399" sc="1" el="399" ec="2" bec="0" bev="0" fileid="3" />
                <SequencePoint vc="1" uspid="400" ordinal="7" sl="400" sc="1" el="400" ec="2" bec="0" bev="0" fileid="3" />
                <SequencePoint vc="1" uspid="401" ordinal="8" sl="401" sc="1" el="401" ec="2" bec="0" bev="0" fileid="3" />
                <SequencePoint vc="1" uspid="402" ordinal="9" sl="402" sc="1" el="402" ec="2" bec="0" bev="0" fileid="3" />
                <SequencePoint vc="1" uspid="403" ordinal="10" sl="403" sc="1" el="403" ec="2" bec="0" bev="0" fileid="3" />
                <SequencePoint vc="1" uspid="404" ordinal="11" sl="404" sc="1" el="404" ec="2" bec="0" bev="0" fileid="3" />
                <SequencePoint vc="1" uspid="405" ordinal="12" sl="405" sc="1" el="405" ec="2" bec="0" bev="0" fileid="3" />
                <SequencePoint vc="1" uspid="406" ordinal="13" sl="406" sc="1" el="406" ec="2" bec="0" bev="0" fileid="3" />
                <SequencePoint vc="1" uspid="407" ordinal="14" sl="407" sc="1" el="407" ec="2" bec="0" bev="0" fileid="3" />
                <SequencePoint vc="1" uspid="408" ordinal="15" sl="408" sc="1" el="408" ec="2" bec="0" bev="0" fileid="3" />
                <SequencePoint vc="1" uspid="409" ordinal="16" sl="409" sc="1" el="409" ec="2" bec="0" bev="0" fileid="3" />
                <SequencePoint vc="1" uspid="410" ordinal="17" sl="410" sc="1" el="410" ec="2" bec="0" bev="0" fileid="3" />
                <SequencePoint vc="1" uspid="411" ordinal="18" sl="411" sc="1" el="411" ec="2" bec="0" bev="0" fileid="3" />
                <SequencePoint vc="1" uspid="412" ordinal="19" sl="412" sc="1" el="412" ec="2" bec="0" bev="0" fileid="3" />
                <SequencePoint vc="1" uspid="413" ordinal="20" sl="413" sc="1" el="413" ec="2" bec="0" bev="0" fileid="3" />
                <SequencePoint vc="1" uspid="414" ordinal="21" sl="414" sc="1" el="414" ec="2" bec="0" bev="0" fileid="3" />
                <SequencePoint vc="1" uspid="415" ordinal="22" sl="415" sc="1" el="415" ec="2" bec="0" bev="0" fileid="3" />
                <SequencePoint vc="1" uspid="416" ordinal="23" sl="416" sc="1" el="416" ec="2" bec="0" bev="0" fileid="3" />
                <SequencePoint vc="1" uspid="417" ordinal="24" sl="417" sc="1" el="417" ec="2" bec="0" bev="0" fileid="3" />
                <SequencePoint vc="1" uspid="418" ordinal="25" sl="418" sc="1" el="418" ec="2" bec="0" bev="0" fileid="3" />
                <SequencePoint vc="1" uspid="419" ordinal="26" sl="419" sc="1" el="419" ec="2" bec="0" bev="0" fileid="3" />
                <SequencePoint vc="1" uspid="420" ordinal="27" sl="420" sc="1" el="420" ec="2" bec="0" bev="0" fileid="3" />
                <SequencePoint vc="1" uspid="421" ordinal="28" sl="421" sc="1" el="421" ec="2" bec="0" bev="0" fileid="3" />
                <SequencePoint vc="1" uspid="422" ordinal="29" sl="422" sc="1" el="422" ec="2" bec="0" bev="0" fileid="3" />
                <SequencePoint vc="1" uspid="423" ordinal="30" sl="423" sc="1" el="423" ec="2" bec="0" bev="0" fileid="3" />
                <SequencePoint vc="1" uspid="424" ordinal="31" sl="424" sc="1" el="424" ec="2" bec="0" bev="0" fileid="3" />
                <SequencePoint vc="1" uspid="425" ordinal="32" sl="425" sc="1" el="425" ec="2" bec="0" bev="0" fileid="3" />
                <SequencePoint vc="1" uspid="426" ordinal="33" sl="426" sc="1" el="426" ec="2" bec="0" bev="0" fileid="3" />
                <SequencePoint vc="1" uspid="427" ordinal="34" sl="427" sc="1" el="427" ec="2" bec="0" bev="0" fileid="3" />
                <SequencePoint vc="1" uspid="428" ordinal="35" sl="428" sc="1" el="428" ec="2" bec="0" bev="0" fileid="3" />
                <SequencePoint vc="1" uspid="429" ordinal="36" sl="429" sc="1" el="429" ec="2" bec="0" bev="0" fileid="3" />
                <SequencePoint vc="1" uspid="430" ordinal="37" sl="430" sc="1" el="430" ec="2" bec="0" bev="0" fileid="3" />
                <SequencePoint vc="1" uspid="431" ordinal="38" sl="431" sc="1" el="431" ec="2" bec="0" bev="0" fileid="3" />
                <SequencePoint vc="1" uspid="432" ordinal="39" sl="432" sc="1" el="432" ec="2" bec="0" bev="0" fileid="3" />
                <SequencePoint vc="1" uspid="433" ordinal="40" sl="433" sc="1" el="433" ec="2" bec="0" bev="0" fileid="3" />
                <SequencePoint vc="1" uspid="434" ordinal="41" sl="434" sc="1" el="434" ec="2" bec="0" bev="0" fileid="3" />
                <SequencePoint vc="1" uspid="435" ordinal="42" sl="435" sc="1" el="435" ec="2" bec="0" bev="0" fileid="3" />
                <SequencePoint vc="1" uspid="436" ordinal="43" sl="436" sc="1" el="436" ec="2" bec="0" bev="0" fileid="3" />
                <SequencePoint vc="1" uspid="437" ordinal="44" sl="437" sc="1" el="437" ec="2" bec="0" bev="0" fileid="3" />
                <SequencePoint vc="1" uspid="438" ordinal="45" sl="438" sc="1" el="438" ec="2" bec="0" bev="0" fileid="3" />
                <SequencePoint vc="1" uspid="439" ordinal="46" sl="439" sc="1" el="439" ec="2" bec="0" bev="0" fileid="3" />
                <SequencePoint vc="1" uspid="440" ordinal="47" sl="440" sc="1" el="440" ec="2" bec="0" bev="0" fileid="3" />
                <SequencePoint vc="1" uspid="441" ordinal="48" sl="441" sc="1" el="441" ec="2" bec="0" bev="0" fileid="3" />
                <SequencePoint vc="1" uspid="442" ordinal="49" sl="442" sc="1" el="442" ec="2" bec="0" bev="0" fileid="3" />
                <SequencePoint vc="1" uspid="443" ordinal="50" sl="443" sc="1" el="443" ec="2" bec="0" bev="0" fileid="3" />
                <SequencePoint vc="1" uspid="444" ordinal="51" sl="444" sc="1" el="444" ec="2" bec="0" bev="0" fileid="3" />
                <SequencePoint vc="1" uspid="445" ordinal="52" sl="445" sc="1" el="445" ec="2" bec="0" bev="0" fileid="3" />
                <SequencePoint vc="1" uspid="446" ordinal="53" sl="446" sc="1" el="446" ec="2" bec="0" bev="0" fileid="3" />
                <SequencePoint vc="1" uspid="447" ordinal="54" sl="447" sc="1" el="447" ec="2" bec="0" bev="0" fileid="3" />
[...]
          <FullName>EventBooking.Controllers.EventBookingController/&lt;LogIn&gt;d__3</FullName>
          <Methods>
            <Method cyclomaticComplexity="1" nPathComplexity="0" sequenceCoverage="100" branchCoverage="100" isConstructor="False" isGetter="False" isSetter="False" isStatic="True">
              <Summary numSequencePoints="4" visitedSequencePoints="4" numBranchPoints="0" visitedBranchPoints="0" sequenceCoverage="100" branchCoverage="100" maxCyclomaticComplexity="1" minCyclomaticComplexity="1" visitedClasses="0" numClasses="0" visitedMethods="1" numMethods="1" />
              <MetadataToken />
              <Name>System.Void EventBooking.Controllers.EventBookingController/&lt;LogIn&gt;d__3::MoveNext()</Name>
              <FileRef uid="20" />
              <SequencePoints>
                <SequencePoint vc="1" uspid="34" ordinal="0" sl="34" sc="1" el="34" ec="2" bec="0" bev="0" fileid="20" />
                <SequencePoint vc="1" uspid="35" ordinal="1" sl="35" sc="1" el="35" ec="2" bec="0" bev="0" fileid="20" />
                <SequencePoint vc="1" uspid="36" ordinal="2" sl="36" sc="1" el="36" ec="2" bec="0" bev="0" fileid="20" />
                <SequencePoint vc="1" uspid="37" ordinal="3" sl="37" sc="1" el="37" ec="2" bec="0" bev="0" fileid="20" />
              </SequencePoints>
              <BranchPoints />
              <MethodPoint vc="4" uspid="0" p8:type="SequencePoint" ordinal="0" offset="0" sc="0" sl="34" ec="1" el="37" bec="0" bev="0" fileid="20" xmlns:p8="xsi" />
            </Method>
          </Methods>
        </Class>
        <Class>
          <Summary numSequencePoints="4" visitedSequencePoints="4" numBranchPoints="0" visitedBranchPoints="0" sequenceCoverage="100" branchCoverage="100" maxCyclomaticComplexity="1" minCyclomaticComplexity="1" visitedClasses="1" numClasses="1" visitedMethods="1" numMethods="1" />
          <FullName>EventBooking.Controllers.EventBookingController/&lt;ForgetPassword&gt;d__4</FullName>
          <Methods>
            <Method cyclomaticComplexity="1" nPathComplexity="0" sequenceCoverage="100" branchCoverage="100" isConstructor="False" isGetter="False" isSetter="False" isStatic="True">
              <Summary numSequencePoints="4" visitedSequencePoints="4" numBranchPoints="0" visitedBranchPoints="0" sequenceCoverage="100" branchCoverage="100" maxCyclomaticComplexity="1" minCyclomaticComplexity="1" visitedClasses="0" numClasses="0" visitedMethods="1" numMethods="1" />
              <MetadataToken />
              <Name>System.Void EventBooking.Controllers.EventBookingController/&lt;ForgetPassword&gt;d__4::MoveNext()</Name>
              <FileRef uid="20" />
              <SequencePoints>
                <SequencePoint vc="1" uspid="42" ordinal="0" sl="42" sc="1" el="42" ec="2" bec="0" bev="0" fileid="20" />
                <SequencePoint vc="1" uspid="43" ordinal="1" sl="43" sc="1" el="43" ec="2" bec="0" bev="0" fileid="20" />
                <SequencePoint vc="1" uspid="44" ordinal="2" sl="44" sc="1" el="44" ec="2" bec="0" bev="0" fileid="20" />
                <SequencePoint vc="1" uspid="45" ordinal="3" sl="45" sc="1" el="45" ec="2" bec="0" bev="0" fileid="20" />
              </SequencePoints>
              <BranchPoints />
              <MethodPoint vc="4" uspid="0" p8:type="SequencePoint" ordinal="0" offset="0" sc="0" sl="42" ec="1" el="45" bec="0" bev="0" fileid="20" xmlns:p8="xsi" />
            </Method>
          </Methods>
        </Class>
        <Class>
          <Summary numSequencePoints="6" visitedSequencePoints="6" numBranchPoints="0" visitedBranchPoints="0" sequenceCoverage="100" branchCoverage="100" maxCyclomaticComplexity="1" minCyclomaticComplexity="1" visitedClasses="1" numClasses="1" visitedMethods="1" numMethods="1" />
          <FullName>EventBooking.Controllers.EventBookingController/&lt;Register&gt;d__5</FullName>
          <Methods>
            <Method cyclomaticComplexity="1" nPathComplexity="0" sequenceCoverage="100" branchCoverage="100" isConstructor="False" isGetter="False" isSetter="False" isStatic="True">
              <Summary numSequencePoints="6" visitedSequencePoints="6" numBranchPoints="0" visitedBranchPoints="0" sequenceCoverage="100" branchCoverage="100" maxCyclomaticComplexity="1" minCyclomaticComplexity="1" visitedClasses="0" numClasses="0" visitedMethods="1" numMethods="1" />
              <MetadataToken />
              <Name>System.Void EventBooking.Controllers.EventBookingController/&lt;Register&gt;d__5::MoveNext()</Name>
              <FileRef uid="20" />
              <SequencePoints>
                <SequencePoint vc="1" uspid="50" ordinal="0" sl="50" sc="1" el="50" ec="2" bec="0" bev="0" fileid="20" />
                <SequencePoint vc="1" uspid="51" ordinal="1" sl="51" sc="1" el="51" ec="2" bec="0" bev="0" fileid="20" />
                <SequencePoint vc="1" uspid="52" ordinal="2" sl="52" sc="1" el="52" ec="2" bec="0" bev="0" fileid="20" />
                <SequencePoint vc="1" uspid="54" ordinal="3" sl="54" sc="1" el="54" ec="2" bec="0" bev="0" fileid="20" />
                <SequencePoint vc="1" uspid="55" ordinal="4" sl="55" sc="1" el="55" ec="2" bec="0" bev="0" fileid="20" />
                <SequencePoint vc="1" uspid="56" ordinal="5" sl="56" sc="1" el="56" ec="2" bec="0" bev="0" fileid="20" />
              </SequencePoints>
              <BranchPoints />
              <MethodPoint vc="6" uspid="0" p8:type="SequencePoint" ordinal="0" offset="0" sc="0" sl="50" ec="1" el="56" bec="0" bev="0" fileid="20" xmlns:p8="xsi" />
            </Method>
          </Methods>
        </Class>
        <Class>
          <Summary numSequencePoints="4" visitedSequencePoints="4" numBranchPoints="0" visitedBranchPoints="0" sequenceCoverage="100" branchCoverage="100" maxCyclomaticComplexity="1" minCyclomaticComplexity="1" visitedClasses="1" numClasses="1" visitedMethods="1" numMethods="1" />
          <FullName>EventBooking.Controllers.EventBookingController/&lt;GetEvents&gt;d__6</FullName>
          <Methods>
            <Method cyclomaticComplexity="1" nPathComplexity="0" sequenceCoverage="100" branchCoverage="100" isConstructor="False" isGetter="False" isSetter="False" isStatic="True">
              <Summary numSequencePoints="4" visitedSequencePoints="4" numBranchPoints="0" visitedBranchPoints="0" sequenceCoverage="100" branchCoverage="100" maxCyclomaticComplexity="1" minCyclomaticComplexity="1" visitedClasses="0" numClasses="0" visitedMethods="1" numMethods="1" />
              <MetadataToken />
              <Name>System.Void EventBooking.Controllers.EventBookingController/&lt;GetEvents&gt;d__6::MoveNext()</Name>
              <FileRef uid="20" />
              <SequencePoints>
                <SequencePoint vc="1" uspid="61" ordinal="0" sl="61" sc="1" el="61" ec="2" bec="0" bev="0" fileid="20" />
                <SequencePoint vc="1" uspid="62" ordinal="1" sl="62" sc="1" el="62" ec="2" bec="0" bev="0" fileid="20" />
                <SequencePoint vc="1" uspid="63" ordinal="2" sl="63" sc="1" el="63" ec="2" bec="0" bev="0" fileid="20" />
                <SequencePoint vc="1" uspid="64" ordinal="3" sl="64" sc="1" el="64" ec="2" bec="0" bev="0" fileid="20" />
              </SequencePoints>
              <BranchPoints />
              <MethodPoint vc="4" uspid="0" p8:type="SequencePoint" ordinal="0" offset="0" sc="0" sl="61" ec="1" el="64" bec="0" bev="0" fileid="20" xmlns:p8="xsi" />
            </Method>
          </Methods>
        </Class>
        <Class>
          <Summary numSequencePoints="4" visitedSequencePoints="4" numBranchPoints="0" visitedBranchPoints="0" sequenceCoverage="100" branchCoverage="100" maxCyclomaticComplexity="1" minCyclomaticComplexity="1" visitedClasses="1" numClasses="1" visitedMethods="1" numMethods="1" />
          <FullName>EventBooking.Controllers.EventBookingController/&lt;GetBookingStatus&gt;d__7</FullName>
          <Methods>
            <Method cyclomaticComplexity="1" nPathComplexity="0" sequenceCoverage="100" branchCoverage="100" isConstructor="False" isGetter="False" isSetter="False" isStatic="True">
              <Summary numSequencePoints="4" visitedSequencePoints="4" numBranchPoints="0" visitedBranchPoints="0" sequenceCoverage="100" branchCoverage="100" maxCyclomaticComplexity="1" minCyclomaticComplexity="1" visitedClasses="0" numClasses="0" visitedMethods="1" numMethods="1" />
              <MetadataToken />
              <Name>System.Void EventBooking.Controllers.EventBookingController/&lt;GetBookingStatus&gt;d__7::MoveNext()</Name>
              <FileRef uid="20" />
              <SequencePoints>
                <SequencePoint vc="1" uspid="69" ordinal="0" sl="69" sc="1" el="69" ec="2" bec="0" bev="0" fileid="20" />
                <SequencePoint vc="1" uspid="70" ordinal="1" sl="70" sc="1" el="70" ec="2" bec="0" bev="0" fileid="20" />
                <SequencePoint vc="1" uspid="71" ordinal="2" sl="71" sc="1" el="71" ec="2" bec="0" bev="0" fileid="20" />
                <SequencePoint vc="1" uspid="72" ordinal="3" sl="72" sc="1" el="72" ec="2" bec="0" bev="0" fileid="20" />
              </SequencePoints>
              <BranchPoints />
              <MethodPoint vc="4" uspid="0" p8:type="SequencePoint" ordinal="0" offset="0" sc="0" sl="69" ec="1" el="72" bec="0" bev="0" fileid="20" xmlns:p8="xsi" />
            </Method>
          </Methods>
        </Class>
        <Class>
          <Summary numSequencePoints="7" visitedSequencePoints="7" numBranchPoints="0" visitedBranchPoints="0" sequenceCoverage="100" branchCoverage="100" maxCyclomaticComplexity="1" minCyclomaticComplexity="1" visitedClasses="1" numClasses="1" visitedMethods="1" numMethods="1" />
          <FullName>EventBooking.Controllers.EventBookingController/&lt;Booking&gt;d__8</FullName>
          <Methods>
            <Method cyclomaticComplexity="1" nPathComplexity="0" sequenceCoverage="100" branchCoverage="100" isConstructor="False" isGetter="False" isSetter="False" isStatic="True">
              <Summary numSequencePoints="7" visitedSequencePoints="7" numBranchPoints="0" visitedBranchPoints="0" sequenceCoverage="100" branchCoverage="100" maxCyclomaticComplexity="1" minCyclomaticComplexity="1" visitedClasses="0" numClasses="0" visitedMethods="1" numMethods="1" />
              <MetadataToken />
              <Name>System.Void EventBooking.Controllers.EventBookingController/&lt;Booking&gt;d__8::MoveNext()</Name>
              <FileRef uid="20" />
              <SequencePoints>
                <SequencePoint vc="1" uspid="77" ordinal="0" sl="77" sc="1" el="77" ec="2" bec="0" bev="0" fileid="20" />
                <SequencePoint vc="1" uspid="78" ordinal="1" sl="78" sc="1" el="78" ec="2" bec="0" bev="0" fileid="20" />
                <SequencePoint vc="1" uspid="79" ordinal="2" sl="79" sc="1" el="79" ec="2" bec="0" bev="0" fileid="20" />
                <SequencePoint vc="1" uspid="80" ordinal="3" sl="80" sc="1" el="80" ec="2" bec="0" bev="0" fileid="20" />
                <SequencePoint vc="1" uspid="82" ordinal="4" sl="82" sc="1" el="82" ec="2" bec="0" bev="0" fileid="20" />
                <SequencePoint vc="1" uspid="83" ordinal="5" sl="83" sc="1" el="83" ec="2" bec="0" bev="0" fileid="20" />
                <SequencePoint vc="1" uspid="84" ordinal="6" sl="84" sc="1" el="84" ec="2" bec="0" bev="0" fileid="20" />
              </SequencePoints>
              <BranchPoints />
              <MethodPoint vc="7" uspid="0" p8:type="SequencePoint" ordinal="0" offset="0" sc="0" sl="77" ec="1" el="84" bec="0" bev="0" fileid="20" xmlns:p8="xsi" />
            </Method>
          </Methods>
        </Class>
        <Class>
          <Summary numSequencePoints="4" visitedSequencePoints="4" numBranchPoints="0" visitedBranchPoints="0" sequenceCoverage="100" branchCoverage="100" maxCyclomaticComplexity="1" minCyclomaticComplexity="1" visitedClasses="1" numClasses="1" visitedMethods="1" numMethods="1" />
          <FullName>EventBooking.Controllers.EventBookingController/&lt;CancelBooking&gt;d__9</FullName>
          <Methods>
            <Method cyclomaticComplexity="1" nPathComplexity="0" sequenceCoverage="100" branchCoverage="100" isConstructor="False" isGetter="False" isSetter="False" isStatic="True">
              <Summary numSequencePoints="4" visitedSequencePoints="4" numBranchPoints="0" visitedBranchPoints="0" sequenceCoverage="100" branchCoverage="100" maxCyclomaticComplexity="1" minCyclomaticComplexity="1" visitedClasses="0" numClasses="0" visitedMethods="1" numMethods="1" />
              <MetadataToken />
              <Name>System.Void EventBooking.Controllers.EventBookingController/&lt;CancelBooking&gt;d__9::MoveNext()</Name>
              <FileRef uid="20" />
              <SequencePoints>
                <SequencePoint vc="1" uspid="89" ordinal="0" sl="89" sc="1" el="89" ec="2" bec="0" bev="0" fileid="20" />
                <SequencePoint vc="1" uspid="90" ordinal="1" sl="90" sc="1" el="90" ec="2" bec="0" bev="0" fileid="20" />
                <SequencePoint vc="1" uspid="91" ordinal="2" sl="91" sc="1" el="91" ec="2" bec="0" bev="0" fileid="20" />
                <SequencePoint vc="1" uspid="92" ordinal="3" sl="92" sc="1" el="92" ec="2" bec="0" bev="0" fileid="20" />
              </SequencePoints>
              <BranchPoints />
              <MethodPoint vc="4" uspid="0" p8:type="SequencePoint" ordinal="0" offset="0" sc="0" sl="89" ec="1" el="92" bec="0" bev="0" fileid="20" xmlns:p8="xsi" />
            </Method>
          </Methods>
        </Class>
        <Class>
          <Summary numSequencePoints="7" visitedSequencePoints="7" numBranchPoints="0" visitedBranchPoints="0" sequenceCoverage="100" branchCoverage="100" maxCyclomaticComplexity="1" minCyclomaticComplexity="1" visitedClasses="1" numClasses="1" visitedMethods="1" numMethods="1" />
          <FullName>EventBooking.Controllers.EventBookingController/&lt;SubmitforPartnerShip&gt;d__10</FullName>
          <Methods>
            <Method cyclomaticComplexity="1" nPathComplexity="0" sequenceCoverage="100" branchCoverage="100" isConstructor="False" isGetter="False" isSetter="False" isStatic="True">
              <Summary numSequencePoints="7" visitedSequencePoints="7" numBranchPoints="0" visitedBranchPoints="0" sequenceCoverage="100" branchCoverage="100" maxCyclomaticComplexity="1" minCyclomaticComplexity="1" visitedClasses="0" numClasses="0" visitedMethods="1" numMethods="1" />
              <MetadataToken />
              <Name>System.Void EventBooking.Controllers.EventBookingController/&lt;SubmitforPartnerShip&gt;d__10::MoveNext()</Name>
              <FileRef uid="20" />
              <SequencePoints>
                <SequencePoint vc="1" uspid="97" ordinal="0" sl="97" sc="1" el="97" ec="2" bec="0" bev="0" fileid="20" />
                <SequencePoint vc="1" uspid="98" ordinal="1" sl="98" sc="1" el="98" ec="2" bec="0" bev="0" fileid="20" />
                <SequencePoint vc="1" uspid="99" ordinal="2" sl="99" sc="1" el="99" ec="2" bec="0" bev="0" fileid="20" />
                <SequencePoint vc="1" uspid="101" ordinal="3" sl="101" sc="1" el="101" ec="2" bec="0" bev="0" fileid="20" />
                <SequencePoint vc="1" uspid="103" ordinal="4" sl="103" sc="1" el="103" ec="2" bec="0" bev="0" fileid="20" />
                <SequencePoint vc="1" uspid="104" ordinal="5" sl="104" sc="1" el="104" ec="2" bec="0" bev="0" fileid="20" />
                <SequencePoint vc="1" uspid="105" ordinal="6" sl="105" sc="1" el="105" ec="2" bec="0" bev="0" fileid="20" />
              </SequencePoints>
              <BranchPoints />
              <MethodPoint vc="7" uspid="0" p8:type="SequencePoint" ordinal="0" offset="0" sc="0" sl="97" ec="1" el="105" bec="0" bev="0" fileid="20" xmlns:p8="xsi" />
            </Method>
          </Methods>
        </Class>
        <Class>
          <Summary numSequencePoints="4" visitedSequencePoints="4" numBranchPoints="0" visitedBranchPoints="0" sequenceCoverage="100" branchCoverage="100" maxCyclomaticComplexity="1" minCyclomaticComplexity="1" visitedClasses="1" numClasses="1" visitedMethods="1" numMethods="1" />
          <FullName>EventBooking.Controllers.EventBookingController/&lt;GetPendingApproval&gt;d__11</FullName>
          <Methods>
            <Method cyclomaticComplexity="1" nPathComplexity="0" sequenceCoverage="100" branchCoverage="100" isConstructor="False" isGetter="False" isSetter="False" isStatic="True">
              <Summary numSequencePoints="4" visitedSequencePoints="4" numBranchPoints="0" visitedBranchPoints="0" sequenceCoverage="100" branchCoverage="100" maxCyclomaticComplexity="1" minCyclomaticComplexity="1" visitedClasses="0" numClasses="0" visitedMethods="1" numMethods="1" />
              <MetadataToken />
              <Name>System.Void EventBooking.Controllers.EventBookingController/&lt;GetPendingApproval&gt;d__11::MoveNext()</Name>
              <FileRef uid="20" />
              <SequencePoints>
                <SequencePoint vc="1" uspid="110" ordinal="0" sl="110" sc="1" el="110" ec="2" bec="0" bev="0" fileid="20" />
                <SequencePoint vc="1" uspid="111" ordinal="1" sl="111" sc="1" el="111" ec="2" bec="0" bev="0" fileid="20" />
                <SequencePoint vc="1" uspid="112" ordinal="2" sl="112" sc="1" el="112" ec="2" bec="0" bev="0" fileid="20" />
                <SequencePoint vc="1" uspid="113" ordinal="3" sl="113" sc="1" el="113" ec="2" bec="0" bev="0" fileid="20" />
              </SequencePoints>
              <BranchPoints />
              <MethodPoint vc="4" uspid="0" p8:type="SequencePoint" ordinal="0" offset="0" sc="0" sl="110" ec="1" el="113" bec="0" bev="0" fileid="20" xmlns:p8="xsi" />
            </Method>
          </Methods>
        </Class>
        <Class>
          <Summary numSequencePoints="4" visitedSequencePoints="4" numBranchPoints="0" visitedBranchPoints="0" sequenceCoverage="100" branchCoverage="100" maxCyclomaticComplexity="1" minCyclomaticComplexity="1" visitedClasses="1" numClasses="1" visitedMethods="1" numMethods="1" />
          <FullName>EventBooking.Controllers.EventBookingController/&lt;ParnershipApproval&gt;d__12</FullName>
          <Methods>
            <Method cyclomaticComplexity="1" nPathComplexity="0" sequenceCoverage="100" branchCoverage="100" isConstructor="False" isGetter="False" isSetter="False" isStatic="True">
              <Summary numSequencePoints="4" visitedSequencePoints="4" numBranchPoints="0" visitedBranchPoints="0" sequenceCoverage="100" branchCoverage="100" maxCyclomaticComplexity="1" minCyclomaticComplexity="1" visitedClasses="0" numClasses="0" visitedMethods="1" numMethods="1" />
              <MetadataToken />
              <Name>System.Void EventBooking.Controllers.EventBookingController/&lt;ParnershipApproval&gt;d__12::MoveNext()</Name>
              <FileRef uid="20" />
              <SequencePoints>
                <SequencePoint vc="1" uspid="118" ordinal="0" sl="118" sc="1" el="118" ec="2" bec="0" bev="0" fileid="20" />
                <SequencePoint vc="1" uspid="119" ordinal="1" sl="119" sc="1" el="119" ec="2" bec="0" bev="0" fileid="20" />
                <SequencePoint vc="1" uspid="120" ordinal="2" sl="120" sc="1" el="120" ec="2" bec="0" bev="0" fileid="20" />
                <SequencePoint vc="1" uspid="121" ordinal="3" sl="121" sc="1" el="121" ec="2" bec="0" bev="0" fileid="20" />
              </SequencePoints>
              <BranchPoints />
              <MethodPoint vc="4" uspid="0" p8:type="SequencePoint" ordinal="0" offset="0" sc="0" sl="118" ec="1" el="121" bec="0" bev="0" fileid="20" xmlns:p8="xsi" />
            </Method>
          </Methods>
        </Class>
      </Classes>
    </Module>
  </Modules>
</CoverageSession>